{"/home/travis/build/npmtest/node-npmtest-jsftp/test.js":{"path":"/home/travis/build/npmtest/node-npmtest-jsftp/test.js","s":{"1":2,"2":2,"3":2,"4":2,"5":2,"6":2,"7":2,"8":1,"9":2,"10":2,"11":1,"12":1,"13":1,"14":1,"15":2,"16":2,"17":2,"18":2,"19":1,"20":1,"21":2,"22":2,"23":2,"24":1,"25":1,"26":1,"27":1,"28":1,"29":1,"30":1,"31":1,"32":1,"33":1,"34":1,"35":1,"36":1,"37":1,"38":1,"39":2,"40":2,"41":1,"42":2,"43":2,"44":1,"45":2,"46":2,"47":1,"48":2,"49":2,"50":1,"51":1,"52":1,"53":1,"54":1},"b":{"1":[2,1,1,1],"2":[1,1,1,1],"3":[1,1],"4":[1,1],"5":[1,1],"6":[1,1],"7":[1,1],"8":[1,1],"9":[1,1],"10":[1,1,1],"11":[1,1],"12":[1,1],"13":[1,1],"14":[1,1],"15":[1,1],"16":[1,1],"17":[1,1]},"f":{"1":2,"2":2,"3":2,"4":2,"5":2,"6":1,"7":1,"8":1,"9":2,"10":2,"11":2,"12":2,"13":1},"fnMap":{"1":{"name":"(anonymous_1)","line":12,"loc":{"start":{"line":12,"column":1},"end":{"line":12,"column":13}}},"2":{"name":"(anonymous_2)","line":19,"loc":{"start":{"line":19,"column":5},"end":{"line":19,"column":17}}},"3":{"name":"(anonymous_3)","line":23,"loc":{"start":{"line":23,"column":24},"end":{"line":23,"column":36}}},"4":{"name":"(anonymous_4)","line":61,"loc":{"start":{"line":61,"column":5},"end":{"line":61,"column":17}}},"5":{"name":"(anonymous_5)","line":82,"loc":{"start":{"line":82,"column":5},"end":{"line":82,"column":17}}},"6":{"name":"(anonymous_6)","line":91,"loc":{"start":{"line":91,"column":77},"end":{"line":94,"column":10}}},"7":{"name":"(anonymous_7)","line":112,"loc":{"start":{"line":112,"column":83},"end":{"line":115,"column":10}},"skip":true},"8":{"name":"(anonymous_8)","line":123,"loc":{"start":{"line":123,"column":77},"end":{"line":126,"column":10}},"skip":true},"9":{"name":"(anonymous_9)","line":139,"loc":{"start":{"line":139,"column":12},"end":{"line":139,"column":40}},"skip":true},"10":{"name":"(anonymous_10)","line":147,"loc":{"start":{"line":147,"column":77},"end":{"line":150,"column":10}},"skip":true},"11":{"name":"(anonymous_11)","line":158,"loc":{"start":{"line":158,"column":83},"end":{"line":161,"column":10}},"skip":true},"12":{"name":"(anonymous_12)","line":169,"loc":{"start":{"line":169,"column":79},"end":{"line":172,"column":10}},"skip":true},"13":{"name":"(anonymous_13)","line":180,"loc":{"start":{"line":180,"column":75},"end":{"line":183,"column":10}},"skip":true}},"statementMap":{"1":{"start":{"line":12,"column":0},"end":{"line":195,"column":5}},"2":{"start":{"line":14,"column":4},"end":{"line":14,"column":14}},"3":{"start":{"line":19,"column":4},"end":{"line":56,"column":9}},"4":{"start":{"line":21,"column":8},"end":{"line":21,"column":19}},"5":{"start":{"line":23,"column":8},"end":{"line":35,"column":13}},"6":{"start":{"line":24,"column":12},"end":{"line":34,"column":13}},"7":{"start":{"line":25,"column":16},"end":{"line":28,"column":30}},"8":{"start":{"line":30,"column":16},"end":{"line":33,"column":27}},"9":{"start":{"line":37,"column":8},"end":{"line":39,"column":21}},"10":{"start":{"line":40,"column":8},"end":{"line":53,"column":9}},"11":{"start":{"line":43,"column":12},"end":{"line":46,"column":14}},"12":{"start":{"line":47,"column":12},"end":{"line":47,"column":18}},"13":{"start":{"line":50,"column":12},"end":{"line":51,"column":46}},"14":{"start":{"line":52,"column":12},"end":{"line":52,"column":18}},"15":{"start":{"line":55,"column":8},"end":{"line":55,"column":35}},"16":{"start":{"line":61,"column":4},"end":{"line":63,"column":9}},"17":{"start":{"line":62,"column":8},"end":{"line":62,"column":15}},"18":{"start":{"line":64,"column":4},"end":{"line":77,"column":5}},"19":{"start":{"line":70,"column":8},"end":{"line":70,"column":14}},"20":{"start":{"line":76,"column":8},"end":{"line":76,"column":14}},"21":{"start":{"line":82,"column":4},"end":{"line":84,"column":9}},"22":{"start":{"line":83,"column":8},"end":{"line":83,"column":15}},"23":{"start":{"line":85,"column":4},"end":{"line":194,"column":5}},"24":{"start":{"line":91,"column":8},"end":{"line":99,"column":10}},"25":{"start":{"line":98,"column":12},"end":{"line":98,"column":35}},"26":{"start":{"line":102,"column":8},"end":{"line":104,"column":63}},"27":{"start":{"line":105,"column":8},"end":{"line":105,"column":14}},"28":{"start":{"line":112,"column":8},"end":{"line":121,"column":10},"skip":true},"29":{"start":{"line":119,"column":12},"end":{"line":119,"column":55},"skip":true},"30":{"start":{"line":120,"column":12},"end":{"line":120,"column":48},"skip":true},"31":{"start":{"line":123,"column":8},"end":{"line":136,"column":10},"skip":true},"32":{"start":{"line":130,"column":12},"end":{"line":130,"column":76},"skip":true},"33":{"start":{"line":131,"column":12},"end":{"line":131,"column":73},"skip":true},"34":{"start":{"line":132,"column":12},"end":{"line":132,"column":74},"skip":true},"35":{"start":{"line":133,"column":12},"end":{"line":133,"column":79},"skip":true},"36":{"start":{"line":134,"column":12},"end":{"line":134,"column":25},"skip":true},"37":{"start":{"line":135,"column":12},"end":{"line":135,"column":45},"skip":true},"38":{"start":{"line":138,"column":8},"end":{"line":145,"column":14},"skip":true},"39":{"start":{"line":143,"column":16},"end":{"line":143,"column":29},"skip":true},"40":{"start":{"line":144,"column":16},"end":{"line":144,"column":55},"skip":true},"41":{"start":{"line":147,"column":8},"end":{"line":156,"column":10},"skip":true},"42":{"start":{"line":154,"column":12},"end":{"line":154,"column":25},"skip":true},"43":{"start":{"line":155,"column":12},"end":{"line":155,"column":45},"skip":true},"44":{"start":{"line":158,"column":8},"end":{"line":167,"column":10},"skip":true},"45":{"start":{"line":165,"column":12},"end":{"line":165,"column":25},"skip":true},"46":{"start":{"line":166,"column":12},"end":{"line":166,"column":48},"skip":true},"47":{"start":{"line":169,"column":8},"end":{"line":178,"column":10},"skip":true},"48":{"start":{"line":176,"column":12},"end":{"line":176,"column":25},"skip":true},"49":{"start":{"line":177,"column":12},"end":{"line":177,"column":46},"skip":true},"50":{"start":{"line":180,"column":8},"end":{"line":189,"column":10},"skip":true},"51":{"start":{"line":187,"column":12},"end":{"line":187,"column":94},"skip":true},"52":{"start":{"line":188,"column":12},"end":{"line":188,"column":48},"skip":true},"53":{"start":{"line":192,"column":8},"end":{"line":192,"column":35},"skip":true},"54":{"start":{"line":193,"column":8},"end":{"line":193,"column":14},"skip":true}},"branchMap":{"1":{"line":25,"type":"binary-expr","locations":[{"start":{"line":25,"column":23},"end":{"line":25,"column":62}},{"start":{"line":26,"column":20},"end":{"line":26,"column":70}},{"start":{"line":27,"column":20},"end":{"line":27,"column":71}},{"start":{"line":28,"column":20},"end":{"line":28,"column":29}}]},"2":{"line":30,"type":"binary-expr","locations":[{"start":{"line":30,"column":23},"end":{"line":30,"column":37}},{"start":{"line":31,"column":20},"end":{"line":31,"column":61}},{"start":{"line":32,"column":20},"end":{"line":32,"column":70}},{"start":{"line":33,"column":20},"end":{"line":33,"column":26}}]},"3":{"line":37,"type":"cond-expr","locations":[{"start":{"line":38,"column":14},"end":{"line":38,"column":20}},{"start":{"line":39,"column":14},"end":{"line":39,"column":20}}]},"4":{"line":40,"type":"switch","locations":[{"start":{"line":42,"column":8},"end":{"line":47,"column":18}},{"start":{"line":49,"column":8},"end":{"line":52,"column":18}}]},"5":{"line":44,"type":"binary-expr","locations":[{"start":{"line":44,"column":16},"end":{"line":44,"column":44}},{"start":{"line":44,"column":48},"end":{"line":44,"column":66}}]},"6":{"line":50,"type":"binary-expr","locations":[{"start":{"line":50,"column":21},"end":{"line":50,"column":49}},{"start":{"line":50,"column":53},"end":{"line":50,"column":72}}]},"7":{"line":64,"type":"switch","locations":[{"start":{"line":69,"column":4},"end":{"line":70,"column":14}},{"start":{"line":75,"column":4},"end":{"line":76,"column":14}}]},"8":{"line":85,"type":"switch","locations":[{"start":{"line":90,"column":4},"end":{"line":105,"column":14}},{"start":{"line":111,"column":4},"end":{"line":193,"column":14},"skip":true}]},"9":{"line":91,"type":"binary-expr","locations":[{"start":{"line":91,"column":42},"end":{"line":91,"column":73}},{"start":{"line":91,"column":77},"end":{"line":99,"column":9}}]},"10":{"line":102,"type":"binary-expr","locations":[{"start":{"line":102,"column":18},"end":{"line":102,"column":32}},{"start":{"line":103,"column":12},"end":{"line":103,"column":53}},{"start":{"line":104,"column":12},"end":{"line":104,"column":61}}]},"11":{"line":112,"type":"binary-expr","locations":[{"start":{"line":112,"column":45},"end":{"line":112,"column":79},"skip":true},{"start":{"line":112,"column":83},"end":{"line":121,"column":9},"skip":true}]},"12":{"line":123,"type":"binary-expr","locations":[{"start":{"line":123,"column":42},"end":{"line":123,"column":73},"skip":true},{"start":{"line":123,"column":77},"end":{"line":136,"column":9},"skip":true}]},"13":{"line":138,"type":"binary-expr","locations":[{"start":{"line":138,"column":48},"end":{"line":138,"column":85},"skip":true},{"start":{"line":139,"column":12},"end":{"line":145,"column":13},"skip":true}]},"14":{"line":147,"type":"binary-expr","locations":[{"start":{"line":147,"column":42},"end":{"line":147,"column":73},"skip":true},{"start":{"line":147,"column":77},"end":{"line":156,"column":9},"skip":true}]},"15":{"line":158,"type":"binary-expr","locations":[{"start":{"line":158,"column":45},"end":{"line":158,"column":79},"skip":true},{"start":{"line":158,"column":83},"end":{"line":167,"column":9},"skip":true}]},"16":{"line":169,"type":"binary-expr","locations":[{"start":{"line":169,"column":43},"end":{"line":169,"column":75},"skip":true},{"start":{"line":169,"column":79},"end":{"line":178,"column":9},"skip":true}]},"17":{"line":180,"type":"binary-expr","locations":[{"start":{"line":180,"column":41},"end":{"line":180,"column":71},"skip":true},{"start":{"line":180,"column":75},"end":{"line":189,"column":9},"skip":true}]}},"code":["/* istanbul instrument in package npmtest_jsftp */","/*jslint","    bitwise: true,","    browser: true,","    maxerr: 8,","    maxlen: 96,","    node: true,","    nomen: true,","    regexp: true,","    stupid: true","*/","(function () {","    'use strict';","    var local;","","","","    // run shared js-env code - pre-init","    (function () {","        // init local","        local = {};","        // init modeJs","        local.modeJs = (function () {","            try {","                return typeof navigator.userAgent === 'string' &&","                    typeof document.querySelector('body') === 'object' &&","                    typeof XMLHttpRequest.prototype.open === 'function' &&","                    'browser';","            } catch (errorCaughtBrowser) {","                return module.exports &&","                    typeof process.versions.node === 'string' &&","                    typeof require('http').createServer === 'function' &&","                    'node';","            }","        }());","        // init global","        local.global = local.modeJs === 'browser'","            ? window","            : global;","        switch (local.modeJs) {","        // re-init local from window.local","        case 'browser':","            local = local.global.utility2.objectSetDefault(","                local.global.utility2_rollup || local.global.local,","                local.global.utility2","            );","            break;","        // re-init local from example.js","        case 'node':","            local = (local.global.utility2_rollup || require('utility2'))","                .requireExampleJsFromReadme();","            break;","        }","        // export local","        local.global.local = local;","    }());","","","","    // run shared js-env code - function","    (function () {","        return;","    }());","    switch (local.modeJs) {","","","","    // run browser js-env code - function","    case 'browser':","        break;","","","","    // run node js-env code - function","    case 'node':","        break;","    }","","","","    // run shared js-env code - post-init","    (function () {","        return;","    }());","    switch (local.modeJs) {","","","","    // run browser js-env code - post-init","    case 'browser':","        local.testCase_browser_nullCase = local.testCase_browser_nullCase || function (","            options,","            onError","        ) {","        /*","         * this function will test browsers's null-case handling-behavior-behavior","         */","            onError(null, options);","        };","","        // run tests","        local.nop(local.modeTest &&","            document.querySelector('#testRunButton1') &&","            document.querySelector('#testRunButton1').click());","        break;","","","","    // run node js-env code - post-init","    /* istanbul ignore next */","    case 'node':","        local.testCase_buildApidoc_default = local.testCase_buildApidoc_default || function (","            options,","            onError","        ) {","        /*","         * this function will test buildApidoc's default handling-behavior-behavior","         */","            options = { modulePathList: module.paths };","            local.buildApidoc(options, onError);","        };","","        local.testCase_buildApp_default = local.testCase_buildApp_default || function (","            options,","            onError","        ) {","        /*","         * this function will test buildApp's default handling-behavior-behavior","         */","            local.testCase_buildReadme_default(options, local.onErrorThrow);","            local.testCase_buildLib_default(options, local.onErrorThrow);","            local.testCase_buildTest_default(options, local.onErrorThrow);","            local.testCase_buildCustomOrg_default(options, local.onErrorThrow);","            options = [];","            local.buildApp(options, onError);","        };","","        local.testCase_buildCustomOrg_default = local.testCase_buildCustomOrg_default ||","            function (options, onError) {","            /*","             * this function will test buildCustomOrg's default handling-behavior","             */","                options = {};","                local.buildCustomOrg(options, onError);","            };","","        local.testCase_buildLib_default = local.testCase_buildLib_default || function (","            options,","            onError","        ) {","        /*","         * this function will test buildLib's default handling-behavior","         */","            options = {};","            local.buildLib(options, onError);","        };","","        local.testCase_buildReadme_default = local.testCase_buildReadme_default || function (","            options,","            onError","        ) {","        /*","         * this function will test buildReadme's default handling-behavior-behavior","         */","            options = {};","            local.buildReadme(options, onError);","        };","","        local.testCase_buildTest_default = local.testCase_buildTest_default || function (","            options,","            onError","        ) {","        /*","         * this function will test buildTest's default handling-behavior","         */","            options = {};","            local.buildTest(options, onError);","        };","","        local.testCase_webpage_default = local.testCase_webpage_default || function (","            options,","            onError","        ) {","        /*","         * this function will test webpage's default handling-behavior","         */","            options = { modeCoverageMerge: true, url: local.serverLocalHost + '?modeTest=1' };","            local.browserTest(options, onError);","        };","","        // run test-server","        local.testRunServer(local);","        break;","    }","}());",""],"l":{"12":2,"14":2,"19":2,"21":2,"23":2,"24":2,"25":2,"30":1,"37":2,"40":2,"43":1,"47":1,"50":1,"52":1,"55":2,"61":2,"62":2,"64":2,"70":1,"76":1,"82":2,"83":2,"85":2,"91":1,"98":1,"102":1,"105":1,"112":1,"119":1,"120":1,"123":1,"130":1,"131":1,"132":1,"133":1,"134":1,"135":1,"138":1,"143":2,"144":2,"147":1,"154":2,"155":2,"158":1,"165":2,"166":2,"169":1,"176":2,"177":2,"180":1,"187":1,"188":1,"192":1,"193":1}},"/home/travis/build/npmtest/node-npmtest-jsftp/lib.npmtest_jsftp.js":{"path":"/home/travis/build/npmtest/node-npmtest-jsftp/lib.npmtest_jsftp.js","s":{"1":2,"2":2,"3":2,"4":2,"5":2,"6":2,"7":2,"8":1,"9":2,"10":2,"11":2,"12":2,"13":1,"14":1,"15":1,"16":1},"b":{"1":[2,1,1,1],"2":[1,1,1,1],"3":[1,1],"4":[2,2],"5":[1,1]},"f":{"1":2,"2":2,"3":2},"fnMap":{"1":{"name":"(anonymous_1)","line":12,"loc":{"start":{"line":12,"column":1},"end":{"line":12,"column":13}}},"2":{"name":"(anonymous_2)","line":19,"loc":{"start":{"line":19,"column":5},"end":{"line":19,"column":17}}},"3":{"name":"(anonymous_3)","line":23,"loc":{"start":{"line":23,"column":24},"end":{"line":23,"column":36}}}},"statementMap":{"1":{"start":{"line":12,"column":0},"end":{"line":53,"column":5}},"2":{"start":{"line":14,"column":4},"end":{"line":14,"column":14}},"3":{"start":{"line":19,"column":4},"end":{"line":52,"column":9}},"4":{"start":{"line":21,"column":8},"end":{"line":21,"column":19}},"5":{"start":{"line":23,"column":8},"end":{"line":35,"column":13}},"6":{"start":{"line":24,"column":12},"end":{"line":34,"column":13}},"7":{"start":{"line":25,"column":16},"end":{"line":28,"column":30}},"8":{"start":{"line":30,"column":16},"end":{"line":33,"column":27}},"9":{"start":{"line":37,"column":8},"end":{"line":39,"column":21}},"10":{"start":{"line":41,"column":8},"end":{"line":41,"column":54}},"11":{"start":{"line":43,"column":8},"end":{"line":43,"column":50}},"12":{"start":{"line":45,"column":8},"end":{"line":51,"column":9}},"13":{"start":{"line":46,"column":12},"end":{"line":46,"column":56}},"14":{"start":{"line":48,"column":12},"end":{"line":48,"column":35}},"15":{"start":{"line":49,"column":12},"end":{"line":49,"column":49}},"16":{"start":{"line":50,"column":12},"end":{"line":50,"column":43}}},"branchMap":{"1":{"line":25,"type":"binary-expr","locations":[{"start":{"line":25,"column":23},"end":{"line":25,"column":62}},{"start":{"line":26,"column":20},"end":{"line":26,"column":70}},{"start":{"line":27,"column":20},"end":{"line":27,"column":71}},{"start":{"line":28,"column":20},"end":{"line":28,"column":29}}]},"2":{"line":30,"type":"binary-expr","locations":[{"start":{"line":30,"column":23},"end":{"line":30,"column":37}},{"start":{"line":31,"column":20},"end":{"line":31,"column":61}},{"start":{"line":32,"column":20},"end":{"line":32,"column":70}},{"start":{"line":33,"column":20},"end":{"line":33,"column":26}}]},"3":{"line":37,"type":"cond-expr","locations":[{"start":{"line":38,"column":14},"end":{"line":38,"column":20}},{"start":{"line":39,"column":14},"end":{"line":39,"column":20}}]},"4":{"line":41,"type":"binary-expr","locations":[{"start":{"line":41,"column":16},"end":{"line":41,"column":44}},{"start":{"line":41,"column":48},"end":{"line":41,"column":53}}]},"5":{"line":45,"type":"if","locations":[{"start":{"line":45,"column":8},"end":{"line":45,"column":8}},{"start":{"line":45,"column":8},"end":{"line":45,"column":8}}]}},"code":["/* istanbul instrument in package npmtest_jsftp */","/*jslint","    bitwise: true,","    browser: true,","    maxerr: 8,","    maxlen: 96,","    node: true,","    nomen: true,","    regexp: true,","    stupid: true","*/","(function () {","    'use strict';","    var local;","","","","    // run shared js-env code - pre-init","    (function () {","        // init local","        local = {};","        // init modeJs","        local.modeJs = (function () {","            try {","                return typeof navigator.userAgent === 'string' &&","                    typeof document.querySelector('body') === 'object' &&","                    typeof XMLHttpRequest.prototype.open === 'function' &&","                    'browser';","            } catch (errorCaughtBrowser) {","                return module.exports &&","                    typeof process.versions.node === 'string' &&","                    typeof require('http').createServer === 'function' &&","                    'node';","            }","        }());","        // init global","        local.global = local.modeJs === 'browser'","            ? window","            : global;","        // init utility2_rollup","        local = local.global.utility2_rollup || local;","        // init lib","        local.local = local.npmtest_jsftp = local;","        // init exports","        if (local.modeJs === 'browser') {","            local.global.utility2_npmtest_jsftp = local;","        } else {","            module.exports = local;","            module.exports.__dirname = __dirname;","            module.exports.module = module;","        }","    }());","}());",""],"l":{"12":2,"14":2,"19":2,"21":2,"23":2,"24":2,"25":2,"30":1,"37":2,"41":2,"43":2,"45":2,"46":1,"48":1,"49":1,"50":1}},"/home/travis/build/npmtest/node-npmtest-jsftp/example.js":{"path":"/home/travis/build/npmtest/node-npmtest-jsftp/example.js","s":{"1":2,"2":2,"3":2,"4":2,"5":2,"6":2,"7":2,"8":1,"9":2,"10":2,"11":2,"12":2,"13":1,"14":2,"15":2,"16":2,"17":2,"18":2,"19":0,"20":2,"21":1,"22":1,"23":1,"24":1,"25":1,"26":0,"27":0,"28":1,"29":1,"30":2,"31":0,"32":0,"33":0,"34":1,"35":2,"36":2,"37":3,"38":3,"39":3,"40":3,"41":0,"42":3,"43":3,"44":3,"45":1,"46":3,"47":1,"48":1,"49":1,"50":1,"51":1,"52":1,"53":1,"54":1,"55":1,"56":1,"57":0,"58":1,"59":6,"60":6,"61":1,"62":2,"63":0,"64":2,"65":1,"66":1,"67":0,"68":0,"69":0,"70":0,"71":0,"72":0,"73":0,"74":0,"75":0,"76":0,"77":0,"78":0,"79":0,"80":0,"81":0,"82":0,"83":0},"b":{"1":[2,1,1,1],"2":[1,1,1,1],"3":[1,1],"4":[2,2],"5":[1,1],"6":[1,1],"7":[2,0],"8":[2,1,1,1,1,1],"9":[0,2,0],"10":[1,1],"11":[2,1,1],"12":[1,0],"13":[0,2],"14":[2,0,0,0,0,0,0],"15":[0,3],"16":[3,0],"17":[1,1],"18":[0,1],"19":[1,2,0,2],"20":[1,0],"21":[1,1],"22":[0,0],"23":[0,0],"24":[0,0],"25":[0,0],"26":[0,0],"27":[0,0],"28":[0,0]},"f":{"1":2,"2":2,"3":2,"4":2,"5":2,"6":2,"7":3,"8":3,"9":3,"10":1,"11":6,"12":0},"fnMap":{"1":{"name":"(anonymous_1)","line":26,"loc":{"start":{"line":26,"column":1},"end":{"line":26,"column":13}}},"2":{"name":"(anonymous_2)","line":33,"loc":{"start":{"line":33,"column":5},"end":{"line":33,"column":17}}},"3":{"name":"(anonymous_3)","line":37,"loc":{"start":{"line":37,"column":24},"end":{"line":37,"column":36}}},"4":{"name":"(anonymous_4)","line":69,"loc":{"start":{"line":69,"column":31},"end":{"line":69,"column":48}},"skip":true},"5":{"name":"(anonymous_5)","line":78,"loc":{"start":{"line":78,"column":26},"end":{"line":78,"column":45}},"skip":true},"6":{"name":"(anonymous_6)","line":123,"loc":{"start":{"line":123,"column":33},"end":{"line":123,"column":48}},"skip":true},"7":{"name":"(anonymous_7)","line":125,"loc":{"start":{"line":125,"column":27},"end":{"line":125,"column":39}},"skip":true},"8":{"name":"(anonymous_8)","line":133,"loc":{"start":{"line":133,"column":59},"end":{"line":133,"column":74}},"skip":true},"9":{"name":"(anonymous_9)","line":143,"loc":{"start":{"line":143,"column":45},"end":{"line":143,"column":62}},"skip":true},"10":{"name":"(anonymous_10)","line":144,"loc":{"start":{"line":144,"column":73},"end":{"line":144,"column":92}},"skip":true},"11":{"name":"(anonymous_11)","line":272,"loc":{"start":{"line":272,"column":51},"end":{"line":272,"column":77}},"skip":true},"12":{"name":"(anonymous_12)","line":315,"loc":{"start":{"line":315,"column":32},"end":{"line":315,"column":61}},"skip":true}},"statementMap":{"1":{"start":{"line":26,"column":0},"end":{"line":326,"column":5}},"2":{"start":{"line":28,"column":4},"end":{"line":28,"column":14}},"3":{"start":{"line":33,"column":4},"end":{"line":60,"column":9}},"4":{"start":{"line":35,"column":8},"end":{"line":35,"column":19}},"5":{"start":{"line":37,"column":8},"end":{"line":49,"column":13}},"6":{"start":{"line":38,"column":12},"end":{"line":48,"column":13}},"7":{"start":{"line":39,"column":16},"end":{"line":42,"column":30}},"8":{"start":{"line":44,"column":16},"end":{"line":47,"column":27}},"9":{"start":{"line":51,"column":8},"end":{"line":53,"column":21}},"10":{"start":{"line":55,"column":8},"end":{"line":57,"column":45}},"11":{"start":{"line":59,"column":8},"end":{"line":59,"column":35}},"12":{"start":{"line":61,"column":4},"end":{"line":325,"column":5}},"13":{"start":{"line":69,"column":8},"end":{"line":121,"column":10},"skip":true},"14":{"start":{"line":70,"column":12},"end":{"line":88,"column":13},"skip":true},"15":{"start":{"line":76,"column":16},"end":{"line":87,"column":19},"skip":true},"16":{"start":{"line":79,"column":20},"end":{"line":86,"column":21},"skip":true},"17":{"start":{"line":82,"column":24},"end":{"line":82,"column":43},"skip":true},"18":{"start":{"line":83,"column":24},"end":{"line":83,"column":30},"skip":true},"19":{"start":{"line":85,"column":24},"end":{"line":85,"column":49},"skip":true},"20":{"start":{"line":89,"column":12},"end":{"line":107,"column":13},"skip":true},"21":{"start":{"line":92,"column":16},"end":{"line":102,"column":17},"skip":true},"22":{"start":{"line":93,"column":20},"end":{"line":93,"column":86},"skip":true},"23":{"start":{"line":94,"column":20},"end":{"line":95,"column":45},"skip":true},"24":{"start":{"line":96,"column":20},"end":{"line":96,"column":42},"skip":true},"25":{"start":{"line":97,"column":20},"end":{"line":97,"column":48},"skip":true},"26":{"start":{"line":100,"column":20},"end":{"line":100,"column":85},"skip":true},"27":{"start":{"line":101,"column":20},"end":{"line":101,"column":96},"skip":true},"28":{"start":{"line":103,"column":16},"end":{"line":103,"column":22},"skip":true},"29":{"start":{"line":106,"column":16},"end":{"line":106,"column":22},"skip":true},"30":{"start":{"line":108,"column":12},"end":{"line":120,"column":13},"skip":true},"31":{"start":{"line":114,"column":16},"end":{"line":119,"column":17},"skip":true},"32":{"start":{"line":116,"column":20},"end":{"line":116,"column":78},"skip":true},"33":{"start":{"line":118,"column":20},"end":{"line":118,"column":47},"skip":true},"34":{"start":{"line":123,"column":8},"end":{"line":141,"column":11},"skip":true},"35":{"start":{"line":124,"column":12},"end":{"line":124,"column":54},"skip":true},"36":{"start":{"line":125,"column":12},"end":{"line":140,"column":14},"skip":true},"37":{"start":{"line":126,"column":16},"end":{"line":126,"column":28},"skip":true},"38":{"start":{"line":127,"column":16},"end":{"line":127,"column":69},"skip":true},"39":{"start":{"line":128,"column":16},"end":{"line":128,"column":75},"skip":true},"40":{"start":{"line":129,"column":16},"end":{"line":131,"column":17},"skip":true},"41":{"start":{"line":130,"column":20},"end":{"line":130,"column":27},"skip":true},"42":{"start":{"line":133,"column":16},"end":{"line":137,"column":36},"skip":true},"43":{"start":{"line":134,"column":20},"end":{"line":136,"column":55},"skip":true},"44":{"start":{"line":139,"column":16},"end":{"line":139,"column":57},"skip":true},"45":{"start":{"line":143,"column":8},"end":{"line":147,"column":11},"skip":true},"46":{"start":{"line":144,"column":12},"end":{"line":146,"column":15},"skip":true},"47":{"start":{"line":145,"column":16},"end":{"line":145,"column":70},"skip":true},"48":{"start":{"line":149,"column":8},"end":{"line":149,"column":31},"skip":true},"49":{"start":{"line":150,"column":8},"end":{"line":150,"column":14},"skip":true},"50":{"start":{"line":158,"column":8},"end":{"line":158,"column":31},"skip":true},"51":{"start":{"line":160,"column":8},"end":{"line":160,"column":33},"skip":true},"52":{"start":{"line":161,"column":8},"end":{"line":161,"column":37},"skip":true},"53":{"start":{"line":162,"column":8},"end":{"line":162,"column":35},"skip":true},"54":{"start":{"line":164,"column":8},"end":{"line":164,"column":50},"skip":true},"55":{"start":{"line":166,"column":8},"end":{"line":256,"column":2},"skip":true},"56":{"start":{"line":258,"column":8},"end":{"line":286,"column":9},"skip":true},"57":{"start":{"line":259,"column":12},"end":{"line":269,"column":14},"skip":true},"58":{"start":{"line":271,"column":12},"end":{"line":285,"column":19},"skip":true},"59":{"start":{"line":274,"column":20},"end":{"line":274,"column":35},"skip":true},"60":{"start":{"line":275,"column":20},"end":{"line":284,"column":21},"skip":true},"61":{"start":{"line":277,"column":24},"end":{"line":277,"column":64},"skip":true},"62":{"start":{"line":279,"column":24},"end":{"line":279,"column":40},"skip":true},"63":{"start":{"line":281,"column":24},"end":{"line":281,"column":40},"skip":true},"64":{"start":{"line":283,"column":24},"end":{"line":283,"column":39},"skip":true},"65":{"start":{"line":288,"column":8},"end":{"line":290,"column":9},"skip":true},"66":{"start":{"line":289,"column":12},"end":{"line":289,"column":18},"skip":true},"67":{"start":{"line":291,"column":8},"end":{"line":293,"column":54},"skip":true},"68":{"start":{"line":296,"column":8},"end":{"line":301,"column":37},"skip":true},"69":{"start":{"line":303,"column":8},"end":{"line":303,"column":82},"skip":true},"70":{"start":{"line":306,"column":8},"end":{"line":308,"column":9},"skip":true},"71":{"start":{"line":307,"column":12},"end":{"line":307,"column":82},"skip":true},"72":{"start":{"line":310,"column":8},"end":{"line":312,"column":9},"skip":true},"73":{"start":{"line":311,"column":12},"end":{"line":311,"column":18},"skip":true},"74":{"start":{"line":313,"column":8},"end":{"line":313,"column":54},"skip":true},"75":{"start":{"line":314,"column":8},"end":{"line":314,"column":69},"skip":true},"76":{"start":{"line":315,"column":8},"end":{"line":323,"column":36},"skip":true},"77":{"start":{"line":316,"column":12},"end":{"line":316,"column":61},"skip":true},"78":{"start":{"line":317,"column":12},"end":{"line":320,"column":13},"skip":true},"79":{"start":{"line":318,"column":16},"end":{"line":318,"column":75},"skip":true},"80":{"start":{"line":319,"column":16},"end":{"line":319,"column":23},"skip":true},"81":{"start":{"line":321,"column":12},"end":{"line":321,"column":38},"skip":true},"82":{"start":{"line":322,"column":12},"end":{"line":322,"column":27},"skip":true},"83":{"start":{"line":324,"column":8},"end":{"line":324,"column":14},"skip":true}},"branchMap":{"1":{"line":39,"type":"binary-expr","locations":[{"start":{"line":39,"column":23},"end":{"line":39,"column":62}},{"start":{"line":40,"column":20},"end":{"line":40,"column":70}},{"start":{"line":41,"column":20},"end":{"line":41,"column":71}},{"start":{"line":42,"column":20},"end":{"line":42,"column":29}}]},"2":{"line":44,"type":"binary-expr","locations":[{"start":{"line":44,"column":23},"end":{"line":44,"column":37}},{"start":{"line":45,"column":20},"end":{"line":45,"column":61}},{"start":{"line":46,"column":20},"end":{"line":46,"column":70}},{"start":{"line":47,"column":20},"end":{"line":47,"column":26}}]},"3":{"line":51,"type":"cond-expr","locations":[{"start":{"line":52,"column":14},"end":{"line":52,"column":20}},{"start":{"line":53,"column":14},"end":{"line":53,"column":20}}]},"4":{"line":55,"type":"binary-expr","locations":[{"start":{"line":55,"column":16},"end":{"line":55,"column":44}},{"start":{"line":55,"column":49},"end":{"line":57,"column":43}}]},"5":{"line":55,"type":"cond-expr","locations":[{"start":{"line":56,"column":14},"end":{"line":56,"column":49}},{"start":{"line":57,"column":14},"end":{"line":57,"column":43}}]},"6":{"line":61,"type":"switch","locations":[{"start":{"line":68,"column":4},"end":{"line":150,"column":14},"skip":true},{"start":{"line":156,"column":4},"end":{"line":324,"column":14},"skip":true}]},"7":{"line":70,"type":"if","locations":[{"start":{"line":70,"column":12},"end":{"line":70,"column":12},"skip":true},{"start":{"line":70,"column":12},"end":{"line":70,"column":12},"skip":true}]},"8":{"line":70,"type":"binary-expr","locations":[{"start":{"line":70,"column":16},"end":{"line":70,"column":22},"skip":true},{"start":{"line":70,"column":27},"end":{"line":70,"column":32},"skip":true},{"start":{"line":71,"column":20},"end":{"line":71,"column":39},"skip":true},{"start":{"line":72,"column":20},"end":{"line":72,"column":49},"skip":true},{"start":{"line":73,"column":20},"end":{"line":73,"column":58},"skip":true},{"start":{"line":74,"column":20},"end":{"line":74,"column":69},"skip":true}]},"9":{"line":79,"type":"switch","locations":[{"start":{"line":80,"column":20},"end":{"line":80,"column":33},"skip":true},{"start":{"line":81,"column":20},"end":{"line":83,"column":30},"skip":true},{"start":{"line":84,"column":20},"end":{"line":85,"column":49},"skip":true}]},"10":{"line":89,"type":"switch","locations":[{"start":{"line":90,"column":12},"end":{"line":103,"column":22},"skip":true},{"start":{"line":105,"column":12},"end":{"line":106,"column":22},"skip":true}]},"11":{"line":89,"type":"binary-expr","locations":[{"start":{"line":89,"column":20},"end":{"line":89,"column":25},"skip":true},{"start":{"line":89,"column":29},"end":{"line":89,"column":48},"skip":true},{"start":{"line":89,"column":52},"end":{"line":89,"column":74},"skip":true}]},"12":{"line":92,"type":"if","locations":[{"start":{"line":92,"column":16},"end":{"line":92,"column":16},"skip":true},{"start":{"line":92,"column":16},"end":{"line":92,"column":16},"skip":true}]},"13":{"line":108,"type":"if","locations":[{"start":{"line":108,"column":12},"end":{"line":108,"column":12},"skip":true},{"start":{"line":108,"column":12},"end":{"line":108,"column":12},"skip":true}]},"14":{"line":108,"type":"binary-expr","locations":[{"start":{"line":108,"column":16},"end":{"line":108,"column":61},"skip":true},{"start":{"line":108,"column":66},"end":{"line":108,"column":72},"skip":true},{"start":{"line":108,"column":77},"end":{"line":108,"column":82},"skip":true},{"start":{"line":109,"column":20},"end":{"line":109,"column":39},"skip":true},{"start":{"line":110,"column":20},"end":{"line":110,"column":49},"skip":true},{"start":{"line":111,"column":20},"end":{"line":111,"column":58},"skip":true},{"start":{"line":112,"column":20},"end":{"line":112,"column":68},"skip":true}]},"15":{"line":129,"type":"if","locations":[{"start":{"line":129,"column":16},"end":{"line":129,"column":16},"skip":true},{"start":{"line":129,"column":16},"end":{"line":129,"column":16},"skip":true}]},"16":{"line":134,"type":"cond-expr","locations":[{"start":{"line":135,"column":26},"end":{"line":135,"column":29},"skip":true},{"start":{"line":136,"column":26},"end":{"line":136,"column":54},"skip":true}]},"17":{"line":164,"type":"binary-expr","locations":[{"start":{"line":164,"column":27},"end":{"line":164,"column":43},"skip":true},{"start":{"line":164,"column":47},"end":{"line":164,"column":49},"skip":true}]},"18":{"line":258,"type":"if","locations":[{"start":{"line":258,"column":8},"end":{"line":258,"column":8},"skip":true},{"start":{"line":258,"column":8},"end":{"line":258,"column":8},"skip":true}]},"19":{"line":275,"type":"switch","locations":[{"start":{"line":276,"column":20},"end":{"line":277,"column":64},"skip":true},{"start":{"line":278,"column":20},"end":{"line":279,"column":40},"skip":true},{"start":{"line":280,"column":20},"end":{"line":281,"column":40},"skip":true},{"start":{"line":282,"column":20},"end":{"line":283,"column":39},"skip":true}]},"20":{"line":288,"type":"if","locations":[{"start":{"line":288,"column":8},"end":{"line":288,"column":8},"skip":true},{"start":{"line":288,"column":8},"end":{"line":288,"column":8},"skip":true}]},"21":{"line":288,"type":"binary-expr","locations":[{"start":{"line":288,"column":12},"end":{"line":288,"column":40},"skip":true},{"start":{"line":288,"column":44},"end":{"line":288,"column":67},"skip":true}]},"22":{"line":292,"type":"binary-expr","locations":[{"start":{"line":292,"column":12},"end":{"line":292,"column":50},"skip":true},{"start":{"line":293,"column":12},"end":{"line":293,"column":53},"skip":true}]},"23":{"line":297,"type":"binary-expr","locations":[{"start":{"line":297,"column":12},"end":{"line":297,"column":63},"skip":true},{"start":{"line":298,"column":12},"end":{"line":301,"column":36},"skip":true}]},"24":{"line":303,"type":"binary-expr","locations":[{"start":{"line":303,"column":43},"end":{"line":303,"column":75},"skip":true},{"start":{"line":303,"column":79},"end":{"line":303,"column":81},"skip":true}]},"25":{"line":306,"type":"if","locations":[{"start":{"line":306,"column":8},"end":{"line":306,"column":8},"skip":true},{"start":{"line":306,"column":8},"end":{"line":306,"column":8},"skip":true}]},"26":{"line":310,"type":"if","locations":[{"start":{"line":310,"column":8},"end":{"line":310,"column":8},"skip":true},{"start":{"line":310,"column":8},"end":{"line":310,"column":8},"skip":true}]},"27":{"line":313,"type":"binary-expr","locations":[{"start":{"line":313,"column":27},"end":{"line":313,"column":43},"skip":true},{"start":{"line":313,"column":47},"end":{"line":313,"column":53},"skip":true}]},"28":{"line":317,"type":"if","locations":[{"start":{"line":317,"column":12},"end":{"line":317,"column":12},"skip":true},{"start":{"line":317,"column":12},"end":{"line":317,"column":12},"skip":true}]}},"code":["/*","example.js","","quickstart example","","instruction","    1. save this script as example.js","    2. run the shell command:","        $ npm install npmtest-jsftp && PORT=8081 node example.js","    3. play with the browser-demo on http://127.0.0.1:8081","*/","","","","/* istanbul instrument in package npmtest_jsftp */","/*jslint","    bitwise: true,","    browser: true,","    maxerr: 8,","    maxlen: 96,","    node: true,","    nomen: true,","    regexp: true,","    stupid: true","*/","(function () {","    'use strict';","    var local;","","","","    // run shared js-env code - pre-init","    (function () {","        // init local","        local = {};","        // init modeJs","        local.modeJs = (function () {","            try {","                return typeof navigator.userAgent === 'string' &&","                    typeof document.querySelector('body') === 'object' &&","                    typeof XMLHttpRequest.prototype.open === 'function' &&","                    'browser';","            } catch (errorCaughtBrowser) {","                return module.exports &&","                    typeof process.versions.node === 'string' &&","                    typeof require('http').createServer === 'function' &&","                    'node';","            }","        }());","        // init global","        local.global = local.modeJs === 'browser'","            ? window","            : global;","        // init utility2_rollup","        local = local.global.utility2_rollup || (local.modeJs === 'browser'","            ? local.global.utility2_npmtest_jsftp","            : global.utility2_moduleExports);","        // export local","        local.global.local = local;","    }());","    switch (local.modeJs) {","","","","    // post-init","    // run browser js-env code - post-init","    /* istanbul ignore next */","    case 'browser':","        local.testRunBrowser = function (event) {","            if (!event || (event &&","                    event.currentTarget &&","                    event.currentTarget.className &&","                    event.currentTarget.className.includes &&","                    event.currentTarget.className.includes('onreset'))) {","                // reset output","                Array.from(","                    document.querySelectorAll('body > .resettable')","                ).forEach(function (element) {","                    switch (element.tagName) {","                    case 'INPUT':","                    case 'TEXTAREA':","                        element.value = '';","                        break;","                    default:","                        element.textContent = '';","                    }","                });","            }","            switch (event && event.currentTarget && event.currentTarget.id) {","            case 'testRunButton1':","                // show tests","                if (document.querySelector('#testReportDiv1').style.display === 'none') {","                    document.querySelector('#testReportDiv1').style.display = 'block';","                    document.querySelector('#testRunButton1').textContent =","                        'hide internal test';","                    local.modeTest = true;","                    local.testRunDefault(local);","                // hide tests","                } else {","                    document.querySelector('#testReportDiv1').style.display = 'none';","                    document.querySelector('#testRunButton1').textContent = 'run internal test';","                }","                break;","            // custom-case","            default:","                break;","            }","            if (document.querySelector('#inputTextareaEval1') && (!event || (event &&","                    event.currentTarget &&","                    event.currentTarget.className &&","                    event.currentTarget.className.includes &&","                    event.currentTarget.className.includes('oneval')))) {","                // try to eval input-code","                try {","                    /*jslint evil: true*/","                    eval(document.querySelector('#inputTextareaEval1').value);","                } catch (errorCaught) {","                    console.error(errorCaught);","                }","            }","        };","        // log stderr and stdout to #outputTextareaStdout1","        ['error', 'log'].forEach(function (key) {","            console[key + '_original'] = console[key];","            console[key] = function () {","                var element;","                console[key + '_original'].apply(console, arguments);","                element = document.querySelector('#outputTextareaStdout1');","                if (!element) {","                    return;","                }","                // append text to #outputTextareaStdout1","                element.value += Array.from(arguments).map(function (arg) {","                    return typeof arg === 'string'","                        ? arg","                        : JSON.stringify(arg, null, 4);","                }).join(' ') + '\\n';","                // scroll textarea to bottom","                element.scrollTop = element.scrollHeight;","            };","        });","        // init event-handling","        ['change', 'click', 'keyup'].forEach(function (event) {","            Array.from(document.querySelectorAll('.on' + event)).forEach(function (element) {","                element.addEventListener(event, local.testRunBrowser);","            });","        });","        // run tests","        local.testRunBrowser();","        break;","","","","    // run node js-env code - post-init","    /* istanbul ignore next */","    case 'node':","        // export local","        module.exports = local;","        // require modules","        local.fs = require('fs');","        local.http = require('http');","        local.url = require('url');","        // init assets","        local.assetsDict = local.assetsDict || {};","        /* jslint-ignore-begin */","        local.assetsDict['/assets.index.template.html'] = '\\","<!doctype html>\\n\\","<html lang=\"en\">\\n\\","<head>\\n\\","<meta charset=\"UTF-8\">\\n\\","<meta name=\"viewport\" content=\"width=device-width, initial-scale=1\">\\n\\","<title>{{env.npm_package_name}} (v{{env.npm_package_version}})</title>\\n\\","<style>\\n\\","/*csslint\\n\\","    box-sizing: false,\\n\\","    universal-selector: false\\n\\","*/\\n\\","* {\\n\\","    box-sizing: border-box;\\n\\","}\\n\\","body {\\n\\","    background: #dde;\\n\\","    font-family: Arial, Helvetica, sans-serif;\\n\\","    margin: 2rem;\\n\\","}\\n\\","body > * {\\n\\","    margin-bottom: 1rem;\\n\\","}\\n\\",".utility2FooterDiv {\\n\\","    margin-top: 20px;\\n\\","    text-align: center;\\n\\","}\\n\\","</style>\\n\\","<style>\\n\\","/*csslint\\n\\","*/\\n\\","textarea {\\n\\","    font-family: monospace;\\n\\","    height: 10rem;\\n\\","    width: 100%;\\n\\","}\\n\\","textarea[readonly] {\\n\\","    background: #ddd;\\n\\","}\\n\\","</style>\\n\\","</head>\\n\\","<body>\\n\\","<!-- utility2-comment\\n\\","<div id=\"ajaxProgressDiv1\" style=\"background: #d00; height: 2px; left: 0; margin: 0; padding: 0; position: fixed; top: 0; transition: background 0.5s, width 1.5s; width: 25%;\"></div>\\n\\","utility2-comment -->\\n\\","<h1>\\n\\","<!-- utility2-comment\\n\\","    <a\\n\\","        {{#if env.npm_package_homepage}}\\n\\","        href=\"{{env.npm_package_homepage}}\"\\n\\","        {{/if env.npm_package_homepage}}\\n\\","        target=\"_blank\"\\n\\","    >\\n\\","utility2-comment -->\\n\\","        {{env.npm_package_name}} (v{{env.npm_package_version}})\\n\\","<!-- utility2-comment\\n\\","    </a>\\n\\","utility2-comment -->\\n\\","</h1>\\n\\","<h3>{{env.npm_package_description}}</h3>\\n\\","<!-- utility2-comment\\n\\","<h4><a download href=\"assets.app.js\">download standalone app</a></h4>\\n\\","<button class=\"onclick onreset\" id=\"testRunButton1\">run internal test</button><br>\\n\\","<div id=\"testReportDiv1\" style=\"display: none;\"></div>\\n\\","utility2-comment -->\\n\\","\\n\\","\\n\\","\\n\\","<label>stderr and stdout</label>\\n\\","<textarea class=\"resettable\" id=\"outputTextareaStdout1\" readonly></textarea>\\n\\","<!-- utility2-comment\\n\\","{{#if isRollup}}\\n\\","<script src=\"assets.app.js\"></script>\\n\\","{{#unless isRollup}}\\n\\","utility2-comment -->\\n\\","<script src=\"assets.utility2.rollup.js\"></script>\\n\\","<script src=\"jsonp.utility2._stateInit?callback=window.utility2._stateInit\"></script>\\n\\","<script src=\"assets.npmtest_jsftp.rollup.js\"></script>\\n\\","<script src=\"assets.example.js\"></script>\\n\\","<script src=\"assets.test.js\"></script>\\n\\","<!-- utility2-comment\\n\\","{{/if isRollup}}\\n\\","utility2-comment -->\\n\\","<div class=\"utility2FooterDiv\">\\n\\","    [ this app was created with\\n\\","    <a href=\"https://github.com/kaizhu256/node-utility2\" target=\"_blank\">utility2</a>\\n\\","    ]\\n\\","</div>\\n\\","</body>\\n\\","</html>\\n\\","';","        /* jslint-ignore-end */","        if (local.templateRender) {","            local.assetsDict['/'] = local.templateRender(","                local.assetsDict['/assets.index.template.html'],","                {","                    env: local.objectSetDefault(local.env, {","                        npm_package_description: 'the greatest app in the world!',","                        npm_package_name: 'my-app',","                        npm_package_nameAlias: 'my_app',","                        npm_package_version: '0.0.1'","                    })","                }","            );","        } else {","            local.assetsDict['/'] = local.assetsDict['/assets.index.template.html']","                .replace((/\\{\\{env\\.(\\w+?)\\}\\}/g), function (match0, match1) {","                    // jslint-hack","                    String(match0);","                    switch (match1) {","                    case 'npm_package_description':","                        return 'the greatest app in the world!';","                    case 'npm_package_name':","                        return 'my-app';","                    case 'npm_package_nameAlias':","                        return 'my_app';","                    case 'npm_package_version':","                        return '0.0.1';","                    }","                });","        }","        // run the cli","        if (local.global.utility2_rollup || module !== require.main) {","            break;","        }","        local.assetsDict['/assets.example.js'] =","            local.assetsDict['/assets.example.js'] ||","            local.fs.readFileSync(__filename, 'utf8');","        // bug-workaround - long $npm_package_buildCustomOrg","        /* jslint-ignore-begin */","        local.assetsDict['/assets.npmtest_jsftp.rollup.js'] =","            local.assetsDict['/assets.npmtest_jsftp.rollup.js'] ||","            local.fs.readFileSync(","                local.npmtest_jsftp.__dirname + '/lib.npmtest_jsftp.js',","                'utf8'","            ).replace((/^#!/), '//');","        /* jslint-ignore-end */","        local.assetsDict['/favicon.ico'] = local.assetsDict['/favicon.ico'] || '';","        // if $npm_config_timeout_exit exists,","        // then exit this process after $npm_config_timeout_exit ms","        if (Number(process.env.npm_config_timeout_exit)) {","            setTimeout(process.exit, Number(process.env.npm_config_timeout_exit));","        }","        // start server","        if (local.global.utility2_serverHttp1) {","            break;","        }","        process.env.PORT = process.env.PORT || '8081';","        console.error('server starting on port ' + process.env.PORT);","        local.http.createServer(function (request, response) {","            request.urlParsed = local.url.parse(request.url);","            if (local.assetsDict[request.urlParsed.pathname] !== undefined) {","                response.end(local.assetsDict[request.urlParsed.pathname]);","                return;","            }","            response.statusCode = 404;","            response.end();","        }).listen(process.env.PORT);","        break;","    }","}());",""],"l":{"26":2,"28":2,"33":2,"35":2,"37":2,"38":2,"39":2,"44":1,"51":2,"55":2,"59":2,"61":2,"69":1,"70":2,"76":2,"79":2,"82":2,"83":2,"85":1,"89":2,"92":1,"93":1,"94":1,"96":1,"97":1,"100":1,"101":1,"103":1,"106":1,"108":2,"114":1,"116":1,"118":1,"123":1,"124":2,"125":2,"126":3,"127":3,"128":3,"129":3,"130":1,"133":3,"134":3,"139":3,"143":1,"144":3,"145":1,"149":1,"150":1,"158":1,"160":1,"161":1,"162":1,"164":1,"166":1,"258":1,"259":1,"271":1,"274":6,"275":6,"277":1,"279":2,"281":1,"283":2,"288":1,"289":1,"291":1,"296":1,"303":1,"306":1,"307":1,"310":1,"311":1,"313":1,"314":1,"315":1,"316":1,"317":1,"318":1,"319":1,"321":1,"322":1,"324":1}},"/home/travis/build/npmtest/node-npmtest-jsftp/node_modules/jsftp/lib/jsftp.js":{"path":"/home/travis/build/npmtest/node-npmtest-jsftp/node_modules/jsftp/lib/jsftp.js","s":{"1":1,"2":1,"3":1,"4":1,"5":1,"6":1,"7":1,"8":1,"9":1,"10":1,"11":1,"12":1,"13":1,"14":1,"15":1,"16":1,"17":1,"18":1,"19":1,"20":1,"21":1,"22":0,"23":0,"24":0,"25":0,"26":1,"27":0,"28":0,"29":0,"30":0,"31":0,"32":0,"33":0,"34":1,"35":0,"36":0,"37":0,"38":0,"39":0,"40":0,"41":0,"42":0,"43":0,"44":0,"45":0,"46":0,"47":0,"48":0,"49":1,"50":1,"51":0,"52":0,"53":0,"54":0,"55":1,"56":0,"57":0,"58":0,"59":0,"60":0,"61":0,"62":0,"63":0,"64":0,"65":0,"66":0,"67":0,"68":0,"69":0,"70":0,"71":0,"72":1,"73":0,"74":0,"75":0,"76":0,"77":0,"78":0,"79":0,"80":0,"81":0,"82":0,"83":0,"84":0,"85":0,"86":0,"87":1,"88":0,"89":0,"90":0,"91":0,"92":0,"93":1,"94":0,"95":0,"96":0,"97":0,"98":1,"99":0,"100":0,"101":0,"102":0,"103":0,"104":0,"105":1,"106":0,"107":0,"108":0,"109":0,"110":0,"111":0,"112":0,"113":0,"114":0,"115":0,"116":1,"117":0,"118":0,"119":0,"120":0,"121":0,"122":0,"123":0,"124":1,"125":0,"126":1,"127":0,"128":0,"129":0,"130":0,"131":1,"132":0,"133":0,"134":0,"135":0,"136":0,"137":0,"138":0,"139":0,"140":0,"141":1,"142":0,"143":0,"144":0,"145":0,"146":0,"147":0,"148":0,"149":0,"150":0,"151":0,"152":0,"153":0,"154":0,"155":0,"156":0,"157":0,"158":0,"159":0,"160":0,"161":0,"162":0,"163":0,"164":0,"165":0,"166":0,"167":1,"168":0,"169":0,"170":0,"171":0,"172":0,"173":0,"174":0,"175":0,"176":1,"177":0,"178":0,"179":0,"180":0,"181":0,"182":0,"183":0,"184":0,"185":0,"186":0,"187":0,"188":0,"189":0,"190":0,"191":0,"192":0,"193":1,"194":0,"195":0,"196":0,"197":0,"198":0,"199":0,"200":0,"201":0,"202":1,"203":0,"204":1,"205":0,"206":0,"207":0,"208":0,"209":0,"210":0,"211":0,"212":0,"213":0,"214":0,"215":0,"216":0,"217":0,"218":0,"219":0,"220":0,"221":0,"222":1,"223":0,"224":0,"225":0,"226":0,"227":0,"228":0,"229":0,"230":0,"231":0,"232":0,"233":0,"234":1,"235":0,"236":0,"237":0,"238":0,"239":0,"240":0,"241":0,"242":0,"243":0,"244":1,"245":0,"246":1,"247":0,"248":0,"249":0,"250":0,"251":0,"252":0,"253":0,"254":0,"255":0,"256":0,"257":0,"258":0,"259":0,"260":0,"261":0,"262":0,"263":0,"264":0,"265":0,"266":1,"267":0,"268":0,"269":0,"270":0,"271":0,"272":0,"273":0,"274":0,"275":0,"276":0,"277":0,"278":0,"279":0,"280":0,"281":0,"282":0,"283":0,"284":0,"285":0,"286":0,"287":0,"288":0,"289":0,"290":1,"291":0,"292":0,"293":0,"294":0,"295":0,"296":0,"297":1,"298":0,"299":0,"300":0,"301":0,"302":0,"303":0,"304":0,"305":0,"306":0,"307":0,"308":0,"309":0,"310":0,"311":1,"312":1,"313":0,"314":0,"315":0,"316":0,"317":0,"318":0,"319":0,"320":0,"321":0,"322":0,"323":0,"324":0,"325":0,"326":0,"327":0,"328":0,"329":0,"330":0,"331":1,"332":0,"333":0,"334":0,"335":0,"336":0,"337":1,"338":0,"339":0,"340":0,"341":0,"342":1,"343":0,"344":0,"345":0,"346":0,"347":0,"348":0,"349":0,"350":0,"351":0,"352":0,"353":0},"b":{"1":[0,0],"2":[0,0],"3":[0,0],"4":[0,0],"5":[0,0],"6":[0,0],"7":[0,0],"8":[0,0],"9":[0,0],"10":[0,0],"11":[0,0],"12":[0,0],"13":[0,0],"14":[0,0],"15":[0,0],"16":[0,0],"17":[0,0],"18":[0,0],"19":[0,0],"20":[0,0],"21":[0,0],"22":[0,0],"23":[0,0],"24":[0,0],"25":[0,0],"26":[0,0],"27":[0,0],"28":[0,0],"29":[0,0],"30":[0,0],"31":[0,0],"32":[0,0],"33":[0,0],"34":[0,0],"35":[0,0],"36":[0,0],"37":[0,0],"38":[0,0],"39":[0,0],"40":[0,0],"41":[0,0],"42":[0,0],"43":[0,0],"44":[0,0],"45":[0,0],"46":[0,0],"47":[0,0],"48":[0,0],"49":[0,0],"50":[0,0],"51":[0,0],"52":[0,0],"53":[0,0],"54":[0,0],"55":[0,0],"56":[0,0],"57":[0,0],"58":[0,0],"59":[0,0],"60":[0,0],"61":[0,0],"62":[0,0],"63":[0,0],"64":[0,0],"65":[0,0],"66":[0,0],"67":[0,0],"68":[0,0],"69":[0,0],"70":[0,0],"71":[0,0],"72":[0,0],"73":[0,0],"74":[0,0],"75":[0,0],"76":[0,0],"77":[0,0],"78":[0,0],"79":[0,0],"80":[0,0],"81":[0,0],"82":[0,0],"83":[0,0],"84":[0,0],"85":[0,0],"86":[0,0,0],"87":[0,0],"88":[0,0],"89":[0,0],"90":[0,0],"91":[0,0],"92":[0,0],"93":[0,0],"94":[0,0],"95":[0,0],"96":[0,0],"97":[0,0]},"f":{"1":0,"2":0,"3":0,"4":0,"5":0,"6":0,"7":0,"8":0,"9":0,"10":0,"11":0,"12":0,"13":0,"14":0,"15":0,"16":0,"17":0,"18":0,"19":0,"20":0,"21":0,"22":0,"23":0,"24":0,"25":0,"26":0,"27":0,"28":0,"29":0,"30":0,"31":0,"32":0,"33":0,"34":0,"35":0,"36":0,"37":0,"38":0,"39":0,"40":0,"41":0,"42":0,"43":0,"44":0,"45":0,"46":0,"47":0,"48":0,"49":0,"50":0,"51":0,"52":0,"53":0,"54":0,"55":0,"56":0,"57":0,"58":0,"59":0,"60":0,"61":0,"62":0,"63":0,"64":0,"65":0,"66":0,"67":0,"68":0,"69":0,"70":0},"fnMap":{"1":{"name":"(anonymous_1)","line":30,"loc":{"start":{"line":30,"column":11},"end":{"line":30,"column":22}}},"2":{"name":"getPasvPort","line":49,"loc":{"start":{"line":49,"column":0},"end":{"line":49,"column":27}}},"3":{"name":"runCmd","line":61,"loc":{"start":{"line":61,"column":0},"end":{"line":61,"column":18}}},"4":{"name":"(anonymous_4)","line":74,"loc":{"start":{"line":74,"column":27},"end":{"line":74,"column":41}}},"5":{"name":"(anonymous_5)","line":92,"loc":{"start":{"line":92,"column":13},"end":{"line":92,"column":24}}},"6":{"name":"(anonymous_6)","line":96,"loc":{"start":{"line":96,"column":19},"end":{"line":96,"column":33}}},"7":{"name":"(anonymous_7)","line":109,"loc":{"start":{"line":109,"column":23},"end":{"line":109,"column":39}}},"8":{"name":"(anonymous_8)","line":111,"loc":{"start":{"line":111,"column":9},"end":{"line":111,"column":24}}},"9":{"name":"(anonymous_9)","line":117,"loc":{"start":{"line":117,"column":30},"end":{"line":117,"column":64}}},"10":{"name":"(anonymous_10)","line":136,"loc":{"start":{"line":136,"column":27},"end":{"line":136,"column":42}}},"11":{"name":"(anonymous_11)","line":144,"loc":{"start":{"line":144,"column":30},"end":{"line":144,"column":49}}},"12":{"name":"(anonymous_12)","line":179,"loc":{"start":{"line":179,"column":21},"end":{"line":179,"column":39}}},"13":{"name":"(anonymous_13)","line":190,"loc":{"start":{"line":190,"column":24},"end":{"line":190,"column":35}}},"14":{"name":"(anonymous_14)","line":211,"loc":{"start":{"line":211,"column":24},"end":{"line":211,"column":51}}},"15":{"name":"(anonymous_15)","line":218,"loc":{"start":{"line":218,"column":43},"end":{"line":218,"column":54}}},"16":{"name":"(anonymous_16)","line":223,"loc":{"start":{"line":223,"column":27},"end":{"line":223,"column":54}}},"17":{"name":"(anonymous_17)","line":236,"loc":{"start":{"line":236,"column":19},"end":{"line":236,"column":30}}},"18":{"name":"(anonymous_18)","line":237,"loc":{"start":{"line":237,"column":36},"end":{"line":237,"column":47}}},"19":{"name":"(anonymous_19)","line":252,"loc":{"start":{"line":252,"column":22},"end":{"line":252,"column":50}}},"20":{"name":"(anonymous_20)","line":270,"loc":{"start":{"line":270,"column":24},"end":{"line":270,"column":42}}},"21":{"name":"(anonymous_21)","line":280,"loc":{"start":{"line":280,"column":28},"end":{"line":280,"column":47}}},"22":{"name":"(anonymous_22)","line":284,"loc":{"start":{"line":284,"column":9},"end":{"line":284,"column":24}}},"23":{"name":"(anonymous_23)","line":287,"loc":{"start":{"line":287,"column":12},"end":{"line":287,"column":27}}},"24":{"name":"(anonymous_24)","line":294,"loc":{"start":{"line":294,"column":28},"end":{"line":294,"column":47}}},"25":{"name":"(anonymous_25)","line":300,"loc":{"start":{"line":300,"column":16},"end":{"line":300,"column":40}}},"26":{"name":"(anonymous_26)","line":302,"loc":{"start":{"line":302,"column":18},"end":{"line":302,"column":37}}},"27":{"name":"(anonymous_27)","line":319,"loc":{"start":{"line":319,"column":21},"end":{"line":319,"column":52}}},"28":{"name":"(anonymous_28)","line":334,"loc":{"start":{"line":334,"column":22},"end":{"line":334,"column":41}}},"29":{"name":"(anonymous_29)","line":340,"loc":{"start":{"line":340,"column":24},"end":{"line":340,"column":43}}},"30":{"name":"(anonymous_30)","line":349,"loc":{"start":{"line":349,"column":27},"end":{"line":349,"column":38}}},"31":{"name":"(anonymous_31)","line":359,"loc":{"start":{"line":359,"column":24},"end":{"line":359,"column":49}}},"32":{"name":"(anonymous_32)","line":366,"loc":{"start":{"line":366,"column":22},"end":{"line":366,"column":42}}},"33":{"name":"(anonymous_33)","line":381,"loc":{"start":{"line":381,"column":21},"end":{"line":381,"column":46}}},"34":{"name":"(anonymous_34)","line":391,"loc":{"start":{"line":391,"column":21},"end":{"line":391,"column":43}}},"35":{"name":"(anonymous_35)","line":397,"loc":{"start":{"line":397,"column":22},"end":{"line":397,"column":37}}},"36":{"name":"(anonymous_36)","line":403,"loc":{"start":{"line":403,"column":25},"end":{"line":403,"column":39}}},"37":{"name":"cmdCallback","line":408,"loc":{"start":{"line":408,"column":4},"end":{"line":408,"column":35}}},"38":{"name":"(anonymous_38)","line":413,"loc":{"start":{"line":413,"column":52},"end":{"line":413,"column":67}}},"39":{"name":"(anonymous_39)","line":430,"loc":{"start":{"line":430,"column":29},"end":{"line":430,"column":44}}},"40":{"name":"(anonymous_40)","line":449,"loc":{"start":{"line":449,"column":20},"end":{"line":449,"column":62}}},"41":{"name":"(anonymous_41)","line":457,"loc":{"start":{"line":457,"column":20},"end":{"line":457,"column":42}}},"42":{"name":"(anonymous_42)","line":465,"loc":{"start":{"line":465,"column":28},"end":{"line":465,"column":39}}},"43":{"name":"(anonymous_43)","line":496,"loc":{"start":{"line":496,"column":29},"end":{"line":496,"column":54}}},"44":{"name":"(anonymous_44)","line":499,"loc":{"start":{"line":499,"column":21},"end":{"line":499,"column":43}}},"45":{"name":"(anonymous_45)","line":504,"loc":{"start":{"line":504,"column":23},"end":{"line":504,"column":37}}},"46":{"name":"cmdCallback","line":514,"loc":{"start":{"line":514,"column":4},"end":{"line":514,"column":35}}},"47":{"name":"(anonymous_47)","line":543,"loc":{"start":{"line":543,"column":20},"end":{"line":543,"column":49}}},"48":{"name":"putReadable","line":546,"loc":{"start":{"line":546,"column":2},"end":{"line":546,"column":54}}},"49":{"name":"(anonymous_49)","line":547,"loc":{"start":{"line":547,"column":24},"end":{"line":547,"column":35}}},"50":{"name":"(anonymous_50)","line":556,"loc":{"start":{"line":556,"column":26},"end":{"line":556,"column":48}}},"51":{"name":"(anonymous_51)","line":564,"loc":{"start":{"line":564,"column":26},"end":{"line":564,"column":48}}},"52":{"name":"(anonymous_52)","line":570,"loc":{"start":{"line":570,"column":18},"end":{"line":570,"column":39}}},"53":{"name":"(anonymous_53)","line":590,"loc":{"start":{"line":590,"column":29},"end":{"line":590,"column":68}}},"54":{"name":"(anonymous_54)","line":596,"loc":{"start":{"line":596,"column":23},"end":{"line":596,"column":46}}},"55":{"name":"(anonymous_55)","line":605,"loc":{"start":{"line":605,"column":21},"end":{"line":605,"column":43}}},"56":{"name":"putCallback","line":612,"loc":{"start":{"line":612,"column":27},"end":{"line":612,"column":58}}},"57":{"name":"(anonymous_57)","line":633,"loc":{"start":{"line":633,"column":28},"end":{"line":633,"column":55}}},"58":{"name":"(anonymous_58)","line":635,"loc":{"start":{"line":635,"column":25},"end":{"line":635,"column":36}}},"59":{"name":"(anonymous_59)","line":643,"loc":{"start":{"line":643,"column":30},"end":{"line":643,"column":49}}},"60":{"name":"(anonymous_60)","line":647,"loc":{"start":{"line":647,"column":23},"end":{"line":647,"column":42}}},"61":{"name":"(anonymous_61)","line":659,"loc":{"start":{"line":659,"column":25},"end":{"line":659,"column":36}}},"62":{"name":"(anonymous_62)","line":694,"loc":{"start":{"line":694,"column":19},"end":{"line":694,"column":48}}},"63":{"name":"entriesToList","line":695,"loc":{"start":{"line":695,"column":2},"end":{"line":695,"column":39}}},"64":{"name":"(anonymous_64)","line":700,"loc":{"start":{"line":700,"column":59},"end":{"line":700,"column":80}}},"65":{"name":"(anonymous_65)","line":705,"loc":{"start":{"line":705,"column":20},"end":{"line":705,"column":35}}},"66":{"name":"(anonymous_66)","line":718,"loc":{"start":{"line":718,"column":28},"end":{"line":718,"column":48}}},"67":{"name":"(anonymous_67)","line":738,"loc":{"start":{"line":738,"column":23},"end":{"line":738,"column":52}}},"68":{"name":"(anonymous_68)","line":740,"loc":{"start":{"line":740,"column":22},"end":{"line":740,"column":36}}},"69":{"name":"(anonymous_69)","line":748,"loc":{"start":{"line":748,"column":26},"end":{"line":748,"column":41}}},"70":{"name":"(anonymous_70)","line":757,"loc":{"start":{"line":757,"column":24},"end":{"line":757,"column":35}}}},"statementMap":{"1":{"start":{"line":12,"column":0},"end":{"line":12,"column":25}},"2":{"start":{"line":13,"column":0},"end":{"line":13,"column":50}},"3":{"start":{"line":14,"column":0},"end":{"line":14,"column":27}},"4":{"start":{"line":15,"column":0},"end":{"line":15,"column":23}},"5":{"start":{"line":16,"column":0},"end":{"line":16,"column":41}},"6":{"start":{"line":18,"column":0},"end":{"line":18,"column":52}},"7":{"start":{"line":19,"column":0},"end":{"line":19,"column":45}},"8":{"start":{"line":20,"column":0},"end":{"line":20,"column":27}},"9":{"start":{"line":21,"column":0},"end":{"line":21,"column":29}},"10":{"start":{"line":23,"column":0},"end":{"line":23,"column":46}},"11":{"start":{"line":24,"column":0},"end":{"line":24,"column":51}},"12":{"start":{"line":25,"column":0},"end":{"line":25,"column":53}},"13":{"start":{"line":27,"column":0},"end":{"line":27,"column":18}},"14":{"start":{"line":28,"column":0},"end":{"line":28,"column":29}},"15":{"start":{"line":29,"column":0},"end":{"line":29,"column":22}},"16":{"start":{"line":30,"column":0},"end":{"line":30,"column":26}},"17":{"start":{"line":31,"column":0},"end":{"line":39,"column":2}},"18":{"start":{"line":41,"column":0},"end":{"line":44,"column":2}},"19":{"start":{"line":46,"column":0},"end":{"line":46,"column":64}},"20":{"start":{"line":47,"column":0},"end":{"line":47,"column":28}},"21":{"start":{"line":49,"column":0},"end":{"line":59,"column":1}},"22":{"start":{"line":50,"column":2},"end":{"line":50,"column":33}},"23":{"start":{"line":51,"column":2},"end":{"line":53,"column":3}},"24":{"start":{"line":52,"column":4},"end":{"line":52,"column":16}},"25":{"start":{"line":55,"column":2},"end":{"line":58,"column":4}},"26":{"start":{"line":61,"column":0},"end":{"line":72,"column":1}},"27":{"start":{"line":62,"column":2},"end":{"line":62,"column":22}},"28":{"start":{"line":63,"column":2},"end":{"line":63,"column":38}},"29":{"start":{"line":64,"column":2},"end":{"line":64,"column":33}},"30":{"start":{"line":66,"column":2},"end":{"line":68,"column":3}},"31":{"start":{"line":67,"column":4},"end":{"line":67,"column":26}},"32":{"start":{"line":70,"column":2},"end":{"line":70,"column":38}},"33":{"start":{"line":71,"column":2},"end":{"line":71,"column":45}},"34":{"start":{"line":74,"column":0},"end":{"line":105,"column":2}},"35":{"start":{"line":75,"column":2},"end":{"line":75,"column":38}},"36":{"start":{"line":76,"column":2},"end":{"line":76,"column":35}},"37":{"start":{"line":77,"column":2},"end":{"line":77,"column":38}},"38":{"start":{"line":78,"column":2},"end":{"line":78,"column":39}},"39":{"start":{"line":82,"column":2},"end":{"line":82,"column":38}},"40":{"start":{"line":84,"column":2},"end":{"line":84,"column":25}},"41":{"start":{"line":86,"column":2},"end":{"line":86,"column":26}},"42":{"start":{"line":88,"column":2},"end":{"line":88,"column":18}},"43":{"start":{"line":92,"column":2},"end":{"line":94,"column":4}},"44":{"start":{"line":93,"column":4},"end":{"line":93,"column":41}},"45":{"start":{"line":96,"column":2},"end":{"line":100,"column":5}},"46":{"start":{"line":97,"column":4},"end":{"line":99,"column":80}},"47":{"start":{"line":102,"column":2},"end":{"line":102,"column":31}},"48":{"start":{"line":104,"column":2},"end":{"line":104,"column":43}},"49":{"start":{"line":107,"column":0},"end":{"line":107,"column":33}},"50":{"start":{"line":109,"column":0},"end":{"line":115,"column":2}},"51":{"start":{"line":110,"column":2},"end":{"line":110,"column":18}},"52":{"start":{"line":111,"column":2},"end":{"line":114,"column":4}},"53":{"start":{"line":112,"column":4},"end":{"line":112,"column":27}},"54":{"start":{"line":113,"column":4},"end":{"line":113,"column":40}},"55":{"start":{"line":117,"column":0},"end":{"line":142,"column":2}},"56":{"start":{"line":118,"column":2},"end":{"line":120,"column":3}},"57":{"start":{"line":119,"column":4},"end":{"line":119,"column":26}},"58":{"start":{"line":122,"column":2},"end":{"line":124,"column":3}},"59":{"start":{"line":123,"column":4},"end":{"line":123,"column":25}},"60":{"start":{"line":125,"column":2},"end":{"line":125,"column":40}},"61":{"start":{"line":127,"column":2},"end":{"line":127,"column":29}},"62":{"start":{"line":128,"column":2},"end":{"line":128,"column":70}},"63":{"start":{"line":129,"column":2},"end":{"line":129,"column":52}},"64":{"start":{"line":130,"column":2},"end":{"line":130,"column":52}},"65":{"start":{"line":132,"column":2},"end":{"line":132,"column":55}},"66":{"start":{"line":134,"column":2},"end":{"line":134,"column":18}},"67":{"start":{"line":136,"column":2},"end":{"line":140,"column":5}},"68":{"start":{"line":137,"column":4},"end":{"line":137,"column":28}},"69":{"start":{"line":138,"column":4},"end":{"line":138,"column":27}},"70":{"start":{"line":139,"column":4},"end":{"line":139,"column":29}},"71":{"start":{"line":141,"column":2},"end":{"line":141,"column":50}},"72":{"start":{"line":144,"column":0},"end":{"line":172,"column":2}},"73":{"start":{"line":145,"column":2},"end":{"line":147,"column":3}},"74":{"start":{"line":146,"column":4},"end":{"line":146,"column":11}},"75":{"start":{"line":148,"column":2},"end":{"line":150,"column":3}},"76":{"start":{"line":149,"column":4},"end":{"line":149,"column":11}},"77":{"start":{"line":152,"column":2},"end":{"line":152,"column":43}},"78":{"start":{"line":153,"column":2},"end":{"line":164,"column":3}},"79":{"start":{"line":155,"column":4},"end":{"line":158,"column":5}},"80":{"start":{"line":157,"column":6},"end":{"line":157,"column":13}},"81":{"start":{"line":161,"column":4},"end":{"line":163,"column":5}},"82":{"start":{"line":162,"column":6},"end":{"line":162,"column":51}},"83":{"start":{"line":166,"column":2},"end":{"line":169,"column":3}},"84":{"start":{"line":167,"column":4},"end":{"line":167,"column":30}},"85":{"start":{"line":168,"column":4},"end":{"line":168,"column":11}},"86":{"start":{"line":171,"column":2},"end":{"line":171,"column":50}},"87":{"start":{"line":179,"column":0},"end":{"line":188,"column":2}},"88":{"start":{"line":180,"column":2},"end":{"line":182,"column":3}},"89":{"start":{"line":181,"column":4},"end":{"line":181,"column":11}},"90":{"start":{"line":184,"column":2},"end":{"line":184,"column":22}},"91":{"start":{"line":185,"column":2},"end":{"line":185,"column":40}},"92":{"start":{"line":187,"column":2},"end":{"line":187,"column":22}},"93":{"start":{"line":190,"column":0},"end":{"line":196,"column":2}},"94":{"start":{"line":191,"column":2},"end":{"line":191,"column":33}},"95":{"start":{"line":192,"column":2},"end":{"line":195,"column":3}},"96":{"start":{"line":193,"column":4},"end":{"line":193,"column":26}},"97":{"start":{"line":194,"column":4},"end":{"line":194,"column":27}},"98":{"start":{"line":211,"column":0},"end":{"line":221,"column":2}},"99":{"start":{"line":212,"column":2},"end":{"line":214,"column":3}},"100":{"start":{"line":213,"column":4},"end":{"line":213,"column":53}},"101":{"start":{"line":216,"column":2},"end":{"line":216,"column":18}},"102":{"start":{"line":217,"column":2},"end":{"line":217,"column":29}},"103":{"start":{"line":218,"column":2},"end":{"line":220,"column":5}},"104":{"start":{"line":219,"column":4},"end":{"line":219,"column":46}},"105":{"start":{"line":223,"column":0},"end":{"line":242,"column":2}},"106":{"start":{"line":224,"column":2},"end":{"line":227,"column":4}},"107":{"start":{"line":229,"column":2},"end":{"line":233,"column":3}},"108":{"start":{"line":230,"column":4},"end":{"line":230,"column":32}},"109":{"start":{"line":231,"column":4},"end":{"line":231,"column":19}},"110":{"start":{"line":232,"column":4},"end":{"line":232,"column":11}},"111":{"start":{"line":235,"column":2},"end":{"line":235,"column":18}},"112":{"start":{"line":236,"column":2},"end":{"line":241,"column":5}},"113":{"start":{"line":237,"column":4},"end":{"line":240,"column":7}},"114":{"start":{"line":238,"column":6},"end":{"line":238,"column":34}},"115":{"start":{"line":239,"column":6},"end":{"line":239,"column":21}},"116":{"start":{"line":252,"column":0},"end":{"line":262,"column":2}},"117":{"start":{"line":253,"column":2},"end":{"line":253,"column":17}},"118":{"start":{"line":254,"column":2},"end":{"line":257,"column":3}},"119":{"start":{"line":255,"column":4},"end":{"line":255,"column":59}},"120":{"start":{"line":256,"column":4},"end":{"line":256,"column":29}},"121":{"start":{"line":259,"column":2},"end":{"line":259,"column":34}},"122":{"start":{"line":260,"column":2},"end":{"line":260,"column":26}},"123":{"start":{"line":261,"column":2},"end":{"line":261,"column":17}},"124":{"start":{"line":270,"column":0},"end":{"line":272,"column":2}},"125":{"start":{"line":271,"column":2},"end":{"line":271,"column":72}},"126":{"start":{"line":280,"column":0},"end":{"line":290,"column":2}},"127":{"start":{"line":282,"column":2},"end":{"line":282,"column":62}},"128":{"start":{"line":283,"column":2},"end":{"line":289,"column":7}},"129":{"start":{"line":285,"column":6},"end":{"line":285,"column":39}},"130":{"start":{"line":288,"column":6},"end":{"line":288,"column":20}},"131":{"start":{"line":294,"column":0},"end":{"line":310,"column":2}},"132":{"start":{"line":295,"column":2},"end":{"line":297,"column":3}},"133":{"start":{"line":296,"column":4},"end":{"line":296,"column":41}},"134":{"start":{"line":299,"column":2},"end":{"line":299,"column":18}},"135":{"start":{"line":300,"column":2},"end":{"line":309,"column":5}},"136":{"start":{"line":301,"column":4},"end":{"line":301,"column":63}},"137":{"start":{"line":302,"column":4},"end":{"line":308,"column":7}},"138":{"start":{"line":303,"column":6},"end":{"line":305,"column":7}},"139":{"start":{"line":304,"column":8},"end":{"line":304,"column":45}},"140":{"start":{"line":307,"column":6},"end":{"line":307,"column":36}},"141":{"start":{"line":319,"column":0},"end":{"line":357,"column":2}},"142":{"start":{"line":320,"column":2},"end":{"line":320,"column":18}},"143":{"start":{"line":322,"column":2},"end":{"line":324,"column":3}},"144":{"start":{"line":323,"column":4},"end":{"line":323,"column":72}},"145":{"start":{"line":326,"column":2},"end":{"line":328,"column":3}},"146":{"start":{"line":327,"column":4},"end":{"line":327,"column":23}},"147":{"start":{"line":329,"column":2},"end":{"line":331,"column":3}},"148":{"start":{"line":330,"column":4},"end":{"line":330,"column":24}},"149":{"start":{"line":333,"column":2},"end":{"line":333,"column":29}},"150":{"start":{"line":334,"column":2},"end":{"line":356,"column":5}},"151":{"start":{"line":335,"column":4},"end":{"line":339,"column":5}},"152":{"start":{"line":336,"column":6},"end":{"line":336,"column":34}},"153":{"start":{"line":337,"column":6},"end":{"line":337,"column":20}},"154":{"start":{"line":338,"column":6},"end":{"line":338,"column":13}},"155":{"start":{"line":340,"column":4},"end":{"line":355,"column":7}},"156":{"start":{"line":341,"column":6},"end":{"line":341,"column":34}},"157":{"start":{"line":343,"column":6},"end":{"line":354,"column":7}},"158":{"start":{"line":344,"column":8},"end":{"line":344,"column":22}},"159":{"start":{"line":345,"column":13},"end":{"line":354,"column":7}},"160":{"start":{"line":346,"column":8},"end":{"line":346,"column":34}},"161":{"start":{"line":347,"column":8},"end":{"line":347,"column":25}},"162":{"start":{"line":348,"column":8},"end":{"line":348,"column":25}},"163":{"start":{"line":349,"column":8},"end":{"line":351,"column":11}},"164":{"start":{"line":350,"column":10},"end":{"line":350,"column":35}},"165":{"start":{"line":352,"column":13},"end":{"line":354,"column":7}},"166":{"start":{"line":353,"column":8},"end":{"line":353,"column":26}},"167":{"start":{"line":359,"column":0},"end":{"line":373,"column":2}},"168":{"start":{"line":360,"column":2},"end":{"line":360,"column":28}},"169":{"start":{"line":361,"column":2},"end":{"line":363,"column":3}},"170":{"start":{"line":362,"column":4},"end":{"line":362,"column":22}},"171":{"start":{"line":365,"column":2},"end":{"line":365,"column":18}},"172":{"start":{"line":366,"column":2},"end":{"line":372,"column":5}},"173":{"start":{"line":367,"column":4},"end":{"line":369,"column":5}},"174":{"start":{"line":368,"column":6},"end":{"line":368,"column":23}},"175":{"start":{"line":371,"column":4},"end":{"line":371,"column":24}},"176":{"start":{"line":381,"column":0},"end":{"line":428,"column":2}},"177":{"start":{"line":382,"column":2},"end":{"line":385,"column":3}},"178":{"start":{"line":383,"column":4},"end":{"line":383,"column":28}},"179":{"start":{"line":384,"column":4},"end":{"line":384,"column":14}},"180":{"start":{"line":387,"column":2},"end":{"line":387,"column":18}},"181":{"start":{"line":388,"column":2},"end":{"line":388,"column":19}},"182":{"start":{"line":389,"column":2},"end":{"line":389,"column":28}},"183":{"start":{"line":391,"column":2},"end":{"line":427,"column":5}},"184":{"start":{"line":392,"column":4},"end":{"line":394,"column":5}},"185":{"start":{"line":393,"column":6},"end":{"line":393,"column":27}},"186":{"start":{"line":396,"column":4},"end":{"line":396,"column":31}},"187":{"start":{"line":397,"column":4},"end":{"line":399,"column":7}},"188":{"start":{"line":398,"column":6},"end":{"line":398,"column":22}},"189":{"start":{"line":401,"column":4},"end":{"line":401,"column":39}},"190":{"start":{"line":403,"column":4},"end":{"line":405,"column":7}},"191":{"start":{"line":404,"column":6},"end":{"line":404,"column":29}},"192":{"start":{"line":406,"column":4},"end":{"line":406,"column":35}},"193":{"start":{"line":408,"column":4},"end":{"line":422,"column":5}},"194":{"start":{"line":409,"column":6},"end":{"line":411,"column":7}},"195":{"start":{"line":410,"column":8},"end":{"line":410,"column":29}},"196":{"start":{"line":413,"column":6},"end":{"line":415,"column":9}},"197":{"start":{"line":414,"column":8},"end":{"line":414,"column":33}},"198":{"start":{"line":417,"column":6},"end":{"line":421,"column":7}},"199":{"start":{"line":418,"column":8},"end":{"line":420,"column":21}},"200":{"start":{"line":424,"column":4},"end":{"line":424,"column":44}},"201":{"start":{"line":426,"column":4},"end":{"line":426,"column":54}},"202":{"start":{"line":430,"column":0},"end":{"line":437,"column":2}},"203":{"start":{"line":431,"column":2},"end":{"line":436,"column":5}},"204":{"start":{"line":449,"column":0},"end":{"line":485,"column":2}},"205":{"start":{"line":450,"column":2},"end":{"line":450,"column":18}},"206":{"start":{"line":451,"column":2},"end":{"line":451,"column":20}},"207":{"start":{"line":453,"column":2},"end":{"line":482,"column":3}},"208":{"start":{"line":454,"column":4},"end":{"line":454,"column":44}},"209":{"start":{"line":456,"column":4},"end":{"line":456,"column":38}},"210":{"start":{"line":457,"column":4},"end":{"line":481,"column":6}},"211":{"start":{"line":458,"column":6},"end":{"line":460,"column":7}},"212":{"start":{"line":459,"column":8},"end":{"line":459,"column":29}},"213":{"start":{"line":462,"column":6},"end":{"line":462,"column":56}},"214":{"start":{"line":463,"column":6},"end":{"line":463,"column":40}},"215":{"start":{"line":465,"column":6},"end":{"line":471,"column":9}},"216":{"start":{"line":466,"column":8},"end":{"line":470,"column":11}},"217":{"start":{"line":476,"column":6},"end":{"line":476,"column":35}},"218":{"start":{"line":477,"column":6},"end":{"line":477,"column":33}},"219":{"start":{"line":478,"column":6},"end":{"line":478,"column":35}},"220":{"start":{"line":480,"column":6},"end":{"line":480,"column":31}},"221":{"start":{"line":484,"column":2},"end":{"line":484,"column":47}},"222":{"start":{"line":496,"column":0},"end":{"line":533,"column":2}},"223":{"start":{"line":497,"column":2},"end":{"line":497,"column":18}},"224":{"start":{"line":498,"column":2},"end":{"line":498,"column":28}},"225":{"start":{"line":499,"column":2},"end":{"line":532,"column":5}},"226":{"start":{"line":500,"column":4},"end":{"line":502,"column":5}},"227":{"start":{"line":501,"column":6},"end":{"line":501,"column":30}},"228":{"start":{"line":504,"column":4},"end":{"line":509,"column":7}},"229":{"start":{"line":505,"column":6},"end":{"line":507,"column":7}},"230":{"start":{"line":506,"column":8},"end":{"line":506,"column":78}},"231":{"start":{"line":508,"column":6},"end":{"line":508,"column":23}},"232":{"start":{"line":511,"column":4},"end":{"line":511,"column":42}},"233":{"start":{"line":512,"column":4},"end":{"line":512,"column":19}},"234":{"start":{"line":514,"column":4},"end":{"line":528,"column":5}},"235":{"start":{"line":515,"column":6},"end":{"line":517,"column":7}},"236":{"start":{"line":516,"column":8},"end":{"line":516,"column":29}},"237":{"start":{"line":519,"column":6},"end":{"line":521,"column":7}},"238":{"start":{"line":520,"column":8},"end":{"line":520,"column":72}},"239":{"start":{"line":523,"column":6},"end":{"line":525,"column":7}},"240":{"start":{"line":524,"column":8},"end":{"line":524,"column":38}},"241":{"start":{"line":527,"column":6},"end":{"line":527,"column":67}},"242":{"start":{"line":530,"column":4},"end":{"line":530,"column":44}},"243":{"start":{"line":531,"column":4},"end":{"line":531,"column":46}},"244":{"start":{"line":543,"column":0},"end":{"line":588,"column":2}},"245":{"start":{"line":544,"column":2},"end":{"line":544,"column":18}},"246":{"start":{"line":546,"column":2},"end":{"line":561,"column":3}},"247":{"start":{"line":547,"column":4},"end":{"line":554,"column":7}},"248":{"start":{"line":548,"column":6},"end":{"line":553,"column":9}},"249":{"start":{"line":556,"column":4},"end":{"line":560,"column":17}},"250":{"start":{"line":557,"column":6},"end":{"line":559,"column":7}},"251":{"start":{"line":558,"column":8},"end":{"line":558,"column":26}},"252":{"start":{"line":563,"column":2},"end":{"line":587,"column":3}},"253":{"start":{"line":564,"column":4},"end"
[...]
mmand to write in the FTP socket"," */","Ftp.prototype.send = function(command) {","  if (!command) {","    return;","  }","","  dbgCommand(command);","  this.pipeline.write(command + '\\r\\n');","","  dbgCommand(command);","};","","Ftp.prototype.nextCmd = function() {","  var cmd = this.commandQueue[0];","  if (!this.inProgress && cmd) {","    this.send(cmd.action);","    this.inProgress = true;","  }","};","","/**"," * Check whether the ftp user is authenticated at the moment of the"," * enqueing. ideally this should happen in the `push` method, just"," * before writing to the socket, but that would be complicated,"," * since we would have to 'unshift' the auth chain into the queue"," * or play the raw auth commands (that is, without enqueuing in"," * order to not mess up the queue order. ideally, that would be"," * built into the queue object. all this explanation to justify a"," * slight slopiness in the code flow."," *"," * @param {string} action"," * @param {function} callback"," */","Ftp.prototype.execute = function(action, callback) {","  if (this.socket && this.socket.writable) {","    return this.runCommand(action, callback || NOOP);","  }","","  var self = this;","  this.authenticated = false;","  this._createSocket(this.port, this.host, function() {","    self.runCommand(action, callback || NOOP);","  });","};","","Ftp.prototype.runCommand = function(action, callback) {","  var cmd = {","    action: action,","    callback: callback,","  };","","  if (this.authenticated || /^(feat|syst|user|pass)/.test(action)) {","    this.commandQueue.push(cmd);","    this.nextCmd();","    return;","  }","","  var self = this;","  this.getFeatures(function() {","    self.auth(self.user, self.pass, function() {","      self.commandQueue.push(cmd);","      self.nextCmd();","    });","  });","};","","/**"," * Parse is called each time that a comand and a request are paired"," * together. That is, each time that there is a round trip of actions"," * between the client and the server."," *"," * @param {Object} response Response from the server (contains text and code)"," * @param {Array} command Contains the command executed and a callback (if any)"," */","Ftp.prototype.parse = function(response, command) {","  var err = null;","  if (response.isError) {","    err = new Error(response.text || 'Unknown FTP error.');","    err.code = response.code;","  }","","  command.callback(err, response);","  this.inProgress = false;","  this.nextCmd();","};","","/**"," * Returns true if the current server has the requested feature."," *"," * @param {String} feature Feature to look for"," * @return {Boolean} Whether the current server has the feature"," */","Ftp.prototype.hasFeat = function(feature) {","  return !!feature && this.features.indexOf(feature.toLowerCase()) > -1;","};","","/**"," * Returns an array of features supported by the current FTP server"," *"," * @param {String} features Server response for the 'FEAT' command"," * @return {String[]} Array of feature names"," */","Ftp.prototype._parseFeats = function(features) {","  // Split and ignore header and footer","  var featureLines = features.split(FTP_NEWLINE).slice(1, -1);","  return featureLines","    .map(function(feat) {","      return feat.trim().toLowerCase();","    })","    .filter(function(feat) {","      return !!feat;","    });","};","","// Below this point all the methods are action helpers for FTP that compose","// several actions in one command","Ftp.prototype.getFeatures = function(callback) {","  if (this.features) {","    return callback(null, this.features);","  }","","  var self = this;","  this.raw.feat(function(err, response) {","    self.features = err ? [] : self._parseFeats(response.text);","    self.raw.syst(function(err, res) {","      if (!err && res.code === 215) {","        self.system = res.text.toLowerCase();","      }","","      callback(null, self.features);","    });","  });","};","","/**"," * Authenticates the user."," *"," * @param {String} user Username"," * @param {String} pass Password"," * @param {Function} callback Follow-up function."," */","Ftp.prototype.auth = function(user, pass, callback) {","  var self = this;","","  if (this.authenticating === true) {","    return callback(new Error('This client is already authenticating'));","  }","","  if (!user) {","    user = 'anonymous';","  }","  if (!pass) {","    pass = '@anonymous';","  }","","  this.authenticating = true;","  self.raw.user(user, function(err, res) {","    if (err || [230, 331, 332].indexOf(res.code) === -1) {","      self.authenticating = false;","      callback(err);","      return;","    }","    self.raw.pass(pass, function(err, res) {","      self.authenticating = false;","","      if (err) {","        callback(err);","      } else if ([230, 202].indexOf(res.code) > -1) {","        self.authenticated = true;","        self.user = user;","        self.pass = pass;","        self.raw.type('I', function() {","          callback(undefined, res);","        });","      } else if (res.code === 332) {","        self.raw.acct(''); // ACCT not really supported","      }","    });","  });","};","","Ftp.prototype.setType = function(type, callback) {","  type = type.toUpperCase();","  if (this.type === type) {","    return callback();","  }","","  var self = this;","  this.raw.type(type, function(err, data) {","    if (!err) {","      self.type = type;","    }","","    callback(err, data);","  });","};","","/**"," * Lists a folder's contents using a passive connection."," *"," * @param {String} path Remote path for the file/folder to retrieve"," * @param {Function} callback Function to call with errors or results"," */","Ftp.prototype.list = function(path, callback) {","  if (arguments.length === 1) {","    callback = arguments[0];","    path = '';","  }","","  var self = this;","  var listing = '';","  callback = once(callback);","","  self.getPasvSocket(function(err, socket) {","    if (err) {","      return callback(err);","    }","","    socket.setEncoding('utf8');","    socket.on('data', function(data) {","      listing += data;","    });","","    self.pasvTimeout(socket, callback);","","    socket.once('close', function(err) {","      callback(err, listing);","    });","    socket.once('error', callback);","","    function cmdCallback(err, res) {","      if (err) {","        return callback(err);","      }","","      var isExpectedMark = expectedMarks.marks.some(function(mark) {","        return mark === res.code;","      });","","      if (!isExpectedMark) {","        callback(new Error(","          'Expected marks ' + expectedMarks.toString() + ' instead of: ' +","          res.text));","      }","    }","","    cmdCallback.expectsMark = expectedMarks;","","    self.execute('list ' + (path || ''), cmdCallback);","  });","};","","Ftp.prototype.emitProgress = function(data) {","  this.emit('progress', {","    filename: data.filename,","    action: data.action,","    total: data.totalSize || 0,","    transferred: data.socket[data.action === 'get' ? 'bytesRead' : 'bytesWritten']","  });","};","","/**"," * Depending on the number of parameters, returns the content of the specified"," * file or directly saves a file into the specified destination. In the latter"," * case, an optional callback can be provided, which will receive the error in"," * case the operation was not successful."," *"," * @param {String} remotePath File to be retrieved from the FTP server"," * @param {Function|String} localPath Local path where we create the new file"," * @param {Function} [callback] Gets called on either success or failure"," */","Ftp.prototype.get = function(remotePath, localPath, callback) {","  var self = this;","  var finalCallback;","","  if (typeof localPath === 'function') {","    finalCallback = once(localPath || NOOP);","  } else {","    callback = once(callback || NOOP);","    finalCallback = function(err, socket) {","      if (err) {","        return callback(err);","      }","","      var writeStream = fs.createWriteStream(localPath);","      writeStream.on('error', callback);","","      socket.on('readable', function() {","        self.emitProgress({","          filename: remotePath,","          action: 'get',","          socket: socket","        });","      });","","      // This ensures that any expected outcome is handled. There is no","      // danger of the callback being executed several times, because it is","      // wrapped in `once`.","      socket.on('error', callback);","      socket.on('end', callback);","      socket.on('close', callback);","","      socket.pipe(writeStream);","    };","  }","","  this.getGetSocket(remotePath, finalCallback);","};","","/**"," * Returns a socket for a get (RETR) on a path. The socket is ready to be"," * streamed, but it is returned in a paused state. It is left to the user to"," * resume it."," *"," * @param {String} path Path to the file to be retrieved"," * @param {Function} callback Function to call when finalized, with the socket"," * as a parameter"," */","Ftp.prototype.getGetSocket = function(path, callback) {","  var self = this;","  callback = once(callback);","  this.getPasvSocket(function(err, socket) {","    if (err) {","      return cmdCallback(err);","    }","","    socket.on('error', function(err) {","      if (err.code === 'ECONNREFUSED') {","        err.msg = 'Probably trying a PASV operation while one is in progress';","      }","      cmdCallback(err);","    });","","    self.pasvTimeout(socket, cmdCallback);","    socket.pause();","","    function cmdCallback(err, res) {","      if (err) {","        return callback(err);","      }","","      if (!socket) {","        return callback(new Error('Error when retrieving PASV socket'));","      }","","      if (res.code === 125 || res.code === 150) {","        return callback(null, socket);","      }","","      return callback(new Error('Unexpected command ' + res.text));","    }","","    cmdCallback.expectsMark = expectedMarks;","    self.execute('retr ' + path, cmdCallback);","  });","};","","/**"," * Uploads contents on a FTP server. The `from` parameter can be a Buffer or the"," * path for a local file to be uploaded."," *"," * @param {String|Buffer} from Contents to be uploaded."," * @param {String} to path for the remote destination."," * @param {Function} callback Function to execute on error or success."," */","Ftp.prototype.put = function(from, to, callback) {","  var self = this;","","  function putReadable(from, to, totalSize, callback) {","    from.on('readable', function() {","      self.emitProgress({","        filename: to,","        action: 'put',","        socket: from,","        totalSize: totalSize","      });","    });","","    self.getPutSocket(to, function(err, socket) {","      if (!err) {","        from.pipe(socket);","      }","    }, callback);","  }","","  if (from instanceof Buffer) {","    this.getPutSocket(to, function(err, socket) {","      if (!err) {","        socket.end(from);","      }","    }, callback);","  } else if (typeof from === 'string') {","    fs.stat(from, function(err, stats) {","      if (err && err.code === 'ENOENT') {","        return callback(new Error(\"Local file doesn't exist.\"));","      }","","      if (stats.isDirectory()) {","        return callback(new Error('Local path cannot be a directory'));","      }","","      var totalSize = err ? 0 : stats.size;","      var localFileStream = fs.createReadStream(from, {","        bufferSize: 4 * 1024","      });","      putReadable(localFileStream, to, totalSize, callback);","    });","  } else { // `from` is a readable stream","    putReadable(from, to, from.size, callback);","  }","};","","Ftp.prototype.getPutSocket = function(path, callback, doneCallback) {","  if (!callback) {","    throw new Error('A callback argument is required.');","  }","","  doneCallback = once(doneCallback || NOOP);","  var _callback = once(function(err, _socket) {","    if (err) {","      callback(err);","      return doneCallback(err);","    }","    return callback(null, _socket);","  });","","  var self = this;","  this.getPasvSocket(function(err, socket) {","    if (err) {","      return _callback(err);","    }","    socket.on('close', doneCallback);","    socket.on('error', doneCallback);","","    var putCallback = once(function putCallback(err, res) {","      if (err) {","        return _callback(err);","      }","","      // Mark 150 indicates that the 'STOR' socket is ready to receive data.","      // Anything else is not relevant.","      if (res.code === 125 || res.code === 150) {","        self.pasvTimeout(socket, doneCallback);","        return _callback(null, socket);","      }","","      return _callback(new Error('Unexpected command ' + res.text));","    });","","    putCallback.expectsMark = expectedMarks;","","    self.execute('stor ' + path, putCallback);","  });","};","","Ftp.prototype.pasvTimeout = function(socket, callback) {","  var self = this;","  socket.once('timeout', function() {","    debug('PASV socket timeout');","    self.emit('timeout');","    socket.end();","    callback(new Error('Passive socket timeout'));","  });","};","","Ftp.prototype.getPasvSocket = function(callback) {","  var self = this;","  callback = once(callback || NOOP);","","  this.execute('pasv', function(err, res) {","    if (err) {","      return callback(err);","    }","","    var options = getPasvPort(res.text);","    if (!options) {","      return callback(new Error('Bad passive host/port combination'));","    }","","    var socket = self._pasvSocket = Net.createConnection(options);","    socket.setTimeout(self.timeout || TIMEOUT);","    socket.once('close', function() {","      self._pasvSocket = undefined;","    });","","    callback(null, socket);","  });","};","","/**"," * Provides information about files. It lists a directory contents or"," * a single file and yields an array of file objects. The file objects"," * contain several properties. The main difference between this method and"," * 'list' or 'stat' is that it returns objects with the file properties"," * already parsed."," *"," * Example of file object:"," *"," *  {"," *      name: 'README.txt',"," *      type: 0,"," *      time: 996052680000,"," *      size: '2582',"," *      owner: 'sergi',"," *      group: 'staff',"," *      userPermissions: { read: true, write: true, exec: false },"," *      groupPermissions: { read: true, write: false, exec: false },"," *      otherPermissions: { read: true, write: false, exec: false }"," *  }"," *"," * The constants used in the object are defined in ftpParser.js"," *"," * @param {String} filePath Path to the file or directory to list"," * @param {Function} callback Function to call with the proper data when"," * the listing is finished."," */","Ftp.prototype.ls = function(filePath, callback) {","  function entriesToList(err, entries) {","    if (err) {","      return callback(err);","    }","","    ListingParser.parseFtpEntries(entries.text || entries, function(err, files) {","      if (err) {","        return callback(err);","      }","","      files.forEach(function(file) {","        // Normalize UTF8 doing canonical decomposition, followed by","        // canonical Composition","        file.name = unorm.nfc(file.name);","      });","      callback(null, files);","    });","  }","","  if (this.useList) {","    this.list(filePath, entriesToList);","  } else {","    var self = this;","    this.raw.stat(filePath, function(err, data) {","      // We might be connected to a server that doesn't support the","      // 'STAT' command, which is set as default. We use 'LIST' instead,","      // and we set the variable `useList` to true, to avoid extra round","      // trips to the server to check.","      var errored = (err && (err.code === 502 || err.code === 500));","      var isHummingbird = self.system && self.system.indexOf('hummingbird') > -1;","      if (errored || isHummingbird) {","        // Not sure if the 'hummingbird' system check ^^^ is still","        // necessary. If they support any standards, the 500 error","        // should have us covered. Let's leave it for now.","        self.useList = true;","        self.list(filePath, entriesToList);","      } else {","        entriesToList(err, data);","      }","    });","  }","};","","Ftp.prototype.rename = function(from, to, callback) {","  var self = this;","  this.raw.rnfr(from, function(err) {","    if (err) {","      return callback(err);","    }","    self.raw.rnto(to, callback);","  });","};","","Ftp.prototype.keepAlive = function(wait) {","  var self = this;","  if (this._keepAliveInterval) {","    clearInterval(this._keepAliveInterval);","  }","","  this._keepAliveInterval = setInterval(self.raw.noop, wait || IDLE_TIME);","};","","Ftp.prototype.destroy = function() {","  if (this._keepAliveInterval) {","    clearInterval(this._keepAliveInterval);","  }","","  if (this.socket && this.socket.writable) {","    this.socket.end();","  }","","  if (this._pasvSocket && this._pasvSocket.writable) {","    this._pasvSocket.end();","  }","","  this.resParser.end();","","  this.socket = undefined;","  this._pasvSocket = undefined;","","  this.features = null;","  this.authenticated = false;","};",""],"l":{"12":1,"13":1,"14":1,"15":1,"16":1,"18":1,"19":1,"20":1,"21":1,"23":1,"24":1,"25":1,"27":1,"28":1,"29":1,"30":1,"31":1,"41":1,"46":1,"47":1,"49":1,"50":0,"51":0,"52":0,"55":0,"61":1,"62":0,"63":0,"64":0,"66":0,"67":0,"70":0,"71":0,"74":1,"75":0,"76":0,"77":0,"78":0,"82":0,"84":0,"86":0,"88":0,"92":0,"93":0,"96":0,"97":0,"102":0,"104":0,"107":1,"109":1,"110":0,"111":0,"112":0,"113":0,"117":1,"118":0,"119":0,"122":0,"123":0,"125":0,"127":0,"128":0,"129":0,"130":0,"132":0,"134":0,"136":0,"137":0,"138":0,"139":0,"141":0,"144":1,"145":0,"146":0,"148":0,"149":0,"152":0,"153":0,"155":0,"157":0,"161":0,"162":0,"166":0,"167":0,"168":0,"171":0,"179":1,"180":0,"181":0,"184":0,"185":0,"187":0,"190":1,"191":0,"192":0,"193":0,"194":0,"211":1,"212":0,"213":0,"216":0,"217":0,"218":0,"219":0,"223":1,"224":0,"229":0,"230":0,"231":0,"232":0,"235":0,"236":0,"237":0,"238":0,"239":0,"252":1,"253":0,"254":0,"255":0,"256":0,"259":0,"260":0,"261":0,"270":1,"271":0,"280":1,"282":0,"283":0,"285":0,"288":0,"294":1,"295":0,"296":0,"299":0,"300":0,"301":0,"302":0,"303":0,"304":0,"307":0,"319":1,"320":0,"322":0,"323":0,"326":0,"327":0,"329":0,"330":0,"333":0,"334":0,"335":0,"336":0,"337":0,"338":0,"340":0,"341":0,"343":0,"344":0,"345":0,"346":0,"347":0,"348":0,"349":0,"350":0,"352":0,"353":0,"359":1,"360":0,"361":0,"362":0,"365":0,"366":0,"367":0,"368":0,"371":0,"381":1,"382":0,"383":0,"384":0,"387":0,"388":0,"389":0,"391":0,"392":0,"393":0,"396":0,"397":0,"398":0,"401":0,"403":0,"404":0,"406":0,"408":1,"409":0,"410":0,"413":0,"414":0,"417":0,"418":0,"424":0,"426":0,"430":1,"431":0,"449":1,"450":0,"451":0,"453":0,"454":0,"456":0,"457":0,"458":0,"459":0,"462":0,"463":0,"465":0,"466":0,"476":0,"477":0,"478":0,"480":0,"484":0,"496":1,"497":0,"498":0,"499":0,"500":0,"501":0,"504":0,"505":0,"506":0,"508":0,"511":0,"512":0,"514":1,"515":0,"516":0,"519":0,"520":0,"523":0,"524":0,"527":0,"530":0,"531":0,"543":1,"544":0,"546":1,"547":0,"548":0,"556":0,"557":0,"558":0,"563":0,"564":0,"565":0,"566":0,"569":0,"570":0,"571":0,"572":0,"575":0,"576":0,"579":0,"580":0,"583":0,"586":0,"590":1,"591":0,"592":0,"595":0,"596":0,"597":0,"598":0,"599":0,"601":0,"604":0,"605":0,"606":0,"607":0,"609":0,"610":0,"612":0,"613":0,"614":0,"619":0,"620":0,"621":0,"624":0,"627":0,"629":0,"633":1,"634":0,"635":0,"636":0,"637":0,"638":0,"639":0,"643":1,"644":0,"645":0,"647":0,"648":0,"649":0,"652":0,"653":0,"654":0,"657":0,"658":0,"659":0,"660":0,"663":0,"694":1,"695":1,"696":0,"697":0,"700":0,"701":0,"702":0,"705":0,"708":0,"710":0,"714":0,"715":0,"717":0,"718":0,"723":0,"724":0,"725":0,"729":0,"730":0,"732":0,"738":1,"739":0,"740":0,"741":0,"742":0,"744":0,"748":1,"749":0,"750":0,"751":0,"754":0,"757":1,"758":0,"759":0,"762":0,"763":0,"766":0,"767":0,"770":0,"772":0,"773":0,"775":0,"776":0}}}